ARM GAS  C:\Users\Ahuratus\AppData\Local\Temp\ccsgXJDG.s 			page 1


   1              		.cpu cortex-m3
   2              		.arch armv7-m
   3              		.fpu softvfp
   4              		.eabi_attribute 20, 1
   5              		.eabi_attribute 21, 1
   6              		.eabi_attribute 23, 3
   7              		.eabi_attribute 24, 1
   8              		.eabi_attribute 25, 1
   9              		.eabi_attribute 26, 1
  10              		.eabi_attribute 30, 1
  11              		.eabi_attribute 34, 1
  12              		.eabi_attribute 18, 4
  13              		.file	"adc.c"
  14              		.text
  15              	.Ltext0:
  16              		.cfi_sections	.debug_frame
  17              		.section	.text.MX_ADC1_Init,"ax",%progbits
  18              		.align	1
  19              		.global	MX_ADC1_Init
  20              		.syntax unified
  21              		.thumb
  22              		.thumb_func
  24              	MX_ADC1_Init:
  25              	.LFB65:
  26              		.file 1 "Core/Src/adc.c"
   1:Core/Src/adc.c **** /**
   2:Core/Src/adc.c ****   ******************************************************************************
   3:Core/Src/adc.c ****   * @file    adc.c
   4:Core/Src/adc.c ****   * @brief   This file provides code for the configuration
   5:Core/Src/adc.c ****   *          of the ADC instances.
   6:Core/Src/adc.c ****   ******************************************************************************
   7:Core/Src/adc.c ****   * @attention
   8:Core/Src/adc.c ****   *
   9:Core/Src/adc.c ****   * <h2><center>&copy; Copyright (c) 2021 STMicroelectronics.
  10:Core/Src/adc.c ****   * All rights reserved.</center></h2>
  11:Core/Src/adc.c ****   *
  12:Core/Src/adc.c ****   * This software component is licensed by ST under BSD 3-Clause license,
  13:Core/Src/adc.c ****   * the "License"; You may not use this file except in compliance with the
  14:Core/Src/adc.c ****   * License. You may obtain a copy of the License at:
  15:Core/Src/adc.c ****   *                        opensource.org/licenses/BSD-3-Clause
  16:Core/Src/adc.c ****   *
  17:Core/Src/adc.c ****   ******************************************************************************
  18:Core/Src/adc.c ****   */
  19:Core/Src/adc.c **** 
  20:Core/Src/adc.c **** /* Includes ------------------------------------------------------------------*/
  21:Core/Src/adc.c **** #include "adc.h"
  22:Core/Src/adc.c **** 
  23:Core/Src/adc.c **** /* USER CODE BEGIN 0 */
  24:Core/Src/adc.c **** 
  25:Core/Src/adc.c **** /* USER CODE END 0 */
  26:Core/Src/adc.c **** 
  27:Core/Src/adc.c **** ADC_HandleTypeDef hadc1;
  28:Core/Src/adc.c **** DMA_HandleTypeDef hdma_adc1;
  29:Core/Src/adc.c **** 
  30:Core/Src/adc.c **** /* ADC1 init function */
  31:Core/Src/adc.c **** void MX_ADC1_Init(void)
  32:Core/Src/adc.c **** {
ARM GAS  C:\Users\Ahuratus\AppData\Local\Temp\ccsgXJDG.s 			page 2


  27              		.loc 1 32 1 view -0
  28              		.cfi_startproc
  29              		@ args = 0, pretend = 0, frame = 16
  30              		@ frame_needed = 0, uses_anonymous_args = 0
  31 0000 00B5     		push	{lr}
  32              	.LCFI0:
  33              		.cfi_def_cfa_offset 4
  34              		.cfi_offset 14, -4
  35 0002 85B0     		sub	sp, sp, #20
  36              	.LCFI1:
  37              		.cfi_def_cfa_offset 24
  33:Core/Src/adc.c **** 
  34:Core/Src/adc.c ****   /* USER CODE BEGIN ADC1_Init 0 */
  35:Core/Src/adc.c **** 
  36:Core/Src/adc.c ****   /* USER CODE END ADC1_Init 0 */
  37:Core/Src/adc.c **** 
  38:Core/Src/adc.c ****   ADC_ChannelConfTypeDef sConfig = {0};
  38              		.loc 1 38 3 view .LVU1
  39              		.loc 1 38 26 is_stmt 0 view .LVU2
  40 0004 0023     		movs	r3, #0
  41 0006 0193     		str	r3, [sp, #4]
  42 0008 0293     		str	r3, [sp, #8]
  43 000a 0393     		str	r3, [sp, #12]
  39:Core/Src/adc.c **** 
  40:Core/Src/adc.c ****   /* USER CODE BEGIN ADC1_Init 1 */
  41:Core/Src/adc.c **** 
  42:Core/Src/adc.c ****   /* USER CODE END ADC1_Init 1 */
  43:Core/Src/adc.c ****   /** Common config
  44:Core/Src/adc.c ****   */
  45:Core/Src/adc.c ****   hadc1.Instance = ADC1;
  44              		.loc 1 45 3 is_stmt 1 view .LVU3
  45              		.loc 1 45 18 is_stmt 0 view .LVU4
  46 000c 1748     		ldr	r0, .L9
  47 000e 184A     		ldr	r2, .L9+4
  48 0010 0260     		str	r2, [r0]
  46:Core/Src/adc.c ****   hadc1.Init.ScanConvMode = ADC_SCAN_ENABLE;
  49              		.loc 1 46 3 is_stmt 1 view .LVU5
  50              		.loc 1 46 27 is_stmt 0 view .LVU6
  51 0012 4FF48072 		mov	r2, #256
  52 0016 8260     		str	r2, [r0, #8]
  47:Core/Src/adc.c ****   hadc1.Init.ContinuousConvMode = ENABLE;
  53              		.loc 1 47 3 is_stmt 1 view .LVU7
  54              		.loc 1 47 33 is_stmt 0 view .LVU8
  55 0018 0122     		movs	r2, #1
  56 001a 0273     		strb	r2, [r0, #12]
  48:Core/Src/adc.c ****   hadc1.Init.DiscontinuousConvMode = DISABLE;
  57              		.loc 1 48 3 is_stmt 1 view .LVU9
  58              		.loc 1 48 36 is_stmt 0 view .LVU10
  59 001c 0375     		strb	r3, [r0, #20]
  49:Core/Src/adc.c ****   hadc1.Init.ExternalTrigConv = ADC_SOFTWARE_START;
  60              		.loc 1 49 3 is_stmt 1 view .LVU11
  61              		.loc 1 49 31 is_stmt 0 view .LVU12
  62 001e 4FF46022 		mov	r2, #917504
  63 0022 C261     		str	r2, [r0, #28]
  50:Core/Src/adc.c ****   hadc1.Init.DataAlign = ADC_DATAALIGN_RIGHT;
  64              		.loc 1 50 3 is_stmt 1 view .LVU13
  65              		.loc 1 50 24 is_stmt 0 view .LVU14
ARM GAS  C:\Users\Ahuratus\AppData\Local\Temp\ccsgXJDG.s 			page 3


  66 0024 4360     		str	r3, [r0, #4]
  51:Core/Src/adc.c ****   hadc1.Init.NbrOfConversion = 2;
  67              		.loc 1 51 3 is_stmt 1 view .LVU15
  68              		.loc 1 51 30 is_stmt 0 view .LVU16
  69 0026 0223     		movs	r3, #2
  70 0028 0361     		str	r3, [r0, #16]
  52:Core/Src/adc.c ****   if (HAL_ADC_Init(&hadc1) != HAL_OK)
  71              		.loc 1 52 3 is_stmt 1 view .LVU17
  72              		.loc 1 52 7 is_stmt 0 view .LVU18
  73 002a FFF7FEFF 		bl	HAL_ADC_Init
  74              	.LVL0:
  75              		.loc 1 52 6 view .LVU19
  76 002e A0B9     		cbnz	r0, .L6
  77              	.L2:
  53:Core/Src/adc.c ****   {
  54:Core/Src/adc.c ****     Error_Handler();
  55:Core/Src/adc.c ****   }
  56:Core/Src/adc.c ****   /** Configure Regular Channel
  57:Core/Src/adc.c ****   */
  58:Core/Src/adc.c ****   sConfig.Channel = ADC_CHANNEL_1;
  78              		.loc 1 58 3 is_stmt 1 view .LVU20
  79              		.loc 1 58 19 is_stmt 0 view .LVU21
  80 0030 0123     		movs	r3, #1
  81 0032 0193     		str	r3, [sp, #4]
  59:Core/Src/adc.c ****   sConfig.Rank = ADC_REGULAR_RANK_1;
  82              		.loc 1 59 3 is_stmt 1 view .LVU22
  83              		.loc 1 59 16 is_stmt 0 view .LVU23
  84 0034 0293     		str	r3, [sp, #8]
  60:Core/Src/adc.c ****   sConfig.SamplingTime = ADC_SAMPLETIME_1CYCLE_5;
  85              		.loc 1 60 3 is_stmt 1 view .LVU24
  86              		.loc 1 60 24 is_stmt 0 view .LVU25
  87 0036 0023     		movs	r3, #0
  88 0038 0393     		str	r3, [sp, #12]
  61:Core/Src/adc.c ****   if (HAL_ADC_ConfigChannel(&hadc1, &sConfig) != HAL_OK)
  89              		.loc 1 61 3 is_stmt 1 view .LVU26
  90              		.loc 1 61 7 is_stmt 0 view .LVU27
  91 003a 01A9     		add	r1, sp, #4
  92 003c 0B48     		ldr	r0, .L9
  93 003e FFF7FEFF 		bl	HAL_ADC_ConfigChannel
  94              	.LVL1:
  95              		.loc 1 61 6 view .LVU28
  96 0042 68B9     		cbnz	r0, .L7
  97              	.L3:
  62:Core/Src/adc.c ****   {
  63:Core/Src/adc.c ****     Error_Handler();
  64:Core/Src/adc.c ****   }
  65:Core/Src/adc.c ****   /** Configure Regular Channel
  66:Core/Src/adc.c ****   */
  67:Core/Src/adc.c ****   sConfig.Channel = ADC_CHANNEL_2;
  98              		.loc 1 67 3 is_stmt 1 view .LVU29
  99              		.loc 1 67 19 is_stmt 0 view .LVU30
 100 0044 0223     		movs	r3, #2
 101 0046 0193     		str	r3, [sp, #4]
  68:Core/Src/adc.c ****   sConfig.Rank = ADC_REGULAR_RANK_2;
 102              		.loc 1 68 3 is_stmt 1 view .LVU31
 103              		.loc 1 68 16 is_stmt 0 view .LVU32
 104 0048 0293     		str	r3, [sp, #8]
ARM GAS  C:\Users\Ahuratus\AppData\Local\Temp\ccsgXJDG.s 			page 4


  69:Core/Src/adc.c ****   if (HAL_ADC_ConfigChannel(&hadc1, &sConfig) != HAL_OK)
 105              		.loc 1 69 3 is_stmt 1 view .LVU33
 106              		.loc 1 69 7 is_stmt 0 view .LVU34
 107 004a 01A9     		add	r1, sp, #4
 108 004c 0748     		ldr	r0, .L9
 109 004e FFF7FEFF 		bl	HAL_ADC_ConfigChannel
 110              	.LVL2:
 111              		.loc 1 69 6 view .LVU35
 112 0052 40B9     		cbnz	r0, .L8
 113              	.L1:
  70:Core/Src/adc.c ****   {
  71:Core/Src/adc.c ****     Error_Handler();
  72:Core/Src/adc.c ****   }
  73:Core/Src/adc.c ****   /* USER CODE BEGIN ADC1_Init 2 */
  74:Core/Src/adc.c **** 
  75:Core/Src/adc.c ****   /* USER CODE END ADC1_Init 2 */
  76:Core/Src/adc.c **** 
  77:Core/Src/adc.c **** }
 114              		.loc 1 77 1 view .LVU36
 115 0054 05B0     		add	sp, sp, #20
 116              	.LCFI2:
 117              		.cfi_remember_state
 118              		.cfi_def_cfa_offset 4
 119              		@ sp needed
 120 0056 5DF804FB 		ldr	pc, [sp], #4
 121              	.L6:
 122              	.LCFI3:
 123              		.cfi_restore_state
  54:Core/Src/adc.c ****   }
 124              		.loc 1 54 5 is_stmt 1 view .LVU37
 125 005a FFF7FEFF 		bl	Error_Handler
 126              	.LVL3:
 127 005e E7E7     		b	.L2
 128              	.L7:
  63:Core/Src/adc.c ****   }
 129              		.loc 1 63 5 view .LVU38
 130 0060 FFF7FEFF 		bl	Error_Handler
 131              	.LVL4:
 132 0064 EEE7     		b	.L3
 133              	.L8:
  71:Core/Src/adc.c ****   }
 134              		.loc 1 71 5 view .LVU39
 135 0066 FFF7FEFF 		bl	Error_Handler
 136              	.LVL5:
 137              		.loc 1 77 1 is_stmt 0 view .LVU40
 138 006a F3E7     		b	.L1
 139              	.L10:
 140              		.align	2
 141              	.L9:
 142 006c 00000000 		.word	.LANCHOR0
 143 0070 00240140 		.word	1073816576
 144              		.cfi_endproc
 145              	.LFE65:
 147              		.section	.text.HAL_ADC_MspInit,"ax",%progbits
 148              		.align	1
 149              		.global	HAL_ADC_MspInit
 150              		.syntax unified
ARM GAS  C:\Users\Ahuratus\AppData\Local\Temp\ccsgXJDG.s 			page 5


 151              		.thumb
 152              		.thumb_func
 154              	HAL_ADC_MspInit:
 155              	.LVL6:
 156              	.LFB66:
  78:Core/Src/adc.c **** 
  79:Core/Src/adc.c **** void HAL_ADC_MspInit(ADC_HandleTypeDef* adcHandle)
  80:Core/Src/adc.c **** {
 157              		.loc 1 80 1 is_stmt 1 view -0
 158              		.cfi_startproc
 159              		@ args = 0, pretend = 0, frame = 24
 160              		@ frame_needed = 0, uses_anonymous_args = 0
 161              		.loc 1 80 1 is_stmt 0 view .LVU42
 162 0000 10B5     		push	{r4, lr}
 163              	.LCFI4:
 164              		.cfi_def_cfa_offset 8
 165              		.cfi_offset 4, -8
 166              		.cfi_offset 14, -4
 167 0002 86B0     		sub	sp, sp, #24
 168              	.LCFI5:
 169              		.cfi_def_cfa_offset 32
  81:Core/Src/adc.c **** 
  82:Core/Src/adc.c ****   GPIO_InitTypeDef GPIO_InitStruct = {0};
 170              		.loc 1 82 3 is_stmt 1 view .LVU43
 171              		.loc 1 82 20 is_stmt 0 view .LVU44
 172 0004 0023     		movs	r3, #0
 173 0006 0293     		str	r3, [sp, #8]
 174 0008 0393     		str	r3, [sp, #12]
 175 000a 0493     		str	r3, [sp, #16]
 176 000c 0593     		str	r3, [sp, #20]
  83:Core/Src/adc.c ****   if(adcHandle->Instance==ADC1)
 177              		.loc 1 83 3 is_stmt 1 view .LVU45
 178              		.loc 1 83 15 is_stmt 0 view .LVU46
 179 000e 0268     		ldr	r2, [r0]
 180              		.loc 1 83 5 view .LVU47
 181 0010 224B     		ldr	r3, .L17
 182 0012 9A42     		cmp	r2, r3
 183 0014 01D0     		beq	.L15
 184              	.LVL7:
 185              	.L11:
  84:Core/Src/adc.c ****   {
  85:Core/Src/adc.c ****   /* USER CODE BEGIN ADC1_MspInit 0 */
  86:Core/Src/adc.c **** 
  87:Core/Src/adc.c ****   /* USER CODE END ADC1_MspInit 0 */
  88:Core/Src/adc.c ****     /* ADC1 clock enable */
  89:Core/Src/adc.c ****     __HAL_RCC_ADC1_CLK_ENABLE();
  90:Core/Src/adc.c **** 
  91:Core/Src/adc.c ****     __HAL_RCC_GPIOA_CLK_ENABLE();
  92:Core/Src/adc.c ****     /**ADC1 GPIO Configuration
  93:Core/Src/adc.c ****     PA1     ------> ADC1_IN1
  94:Core/Src/adc.c ****     PA2     ------> ADC1_IN2
  95:Core/Src/adc.c ****     */
  96:Core/Src/adc.c ****     GPIO_InitStruct.Pin = GPIO_PIN_1|GPIO_PIN_2;
  97:Core/Src/adc.c ****     GPIO_InitStruct.Mode = GPIO_MODE_ANALOG;
  98:Core/Src/adc.c ****     HAL_GPIO_Init(GPIOA, &GPIO_InitStruct);
  99:Core/Src/adc.c **** 
 100:Core/Src/adc.c ****     /* ADC1 DMA Init */
ARM GAS  C:\Users\Ahuratus\AppData\Local\Temp\ccsgXJDG.s 			page 6


 101:Core/Src/adc.c ****     /* ADC1 Init */
 102:Core/Src/adc.c ****     hdma_adc1.Instance = DMA1_Channel1;
 103:Core/Src/adc.c ****     hdma_adc1.Init.Direction = DMA_PERIPH_TO_MEMORY;
 104:Core/Src/adc.c ****     hdma_adc1.Init.PeriphInc = DMA_PINC_DISABLE;
 105:Core/Src/adc.c ****     hdma_adc1.Init.MemInc = DMA_MINC_ENABLE;
 106:Core/Src/adc.c ****     hdma_adc1.Init.PeriphDataAlignment = DMA_PDATAALIGN_HALFWORD;
 107:Core/Src/adc.c ****     hdma_adc1.Init.MemDataAlignment = DMA_MDATAALIGN_HALFWORD;
 108:Core/Src/adc.c ****     hdma_adc1.Init.Mode = DMA_CIRCULAR;
 109:Core/Src/adc.c ****     hdma_adc1.Init.Priority = DMA_PRIORITY_LOW;
 110:Core/Src/adc.c ****     if (HAL_DMA_Init(&hdma_adc1) != HAL_OK)
 111:Core/Src/adc.c ****     {
 112:Core/Src/adc.c ****       Error_Handler();
 113:Core/Src/adc.c ****     }
 114:Core/Src/adc.c **** 
 115:Core/Src/adc.c ****     __HAL_LINKDMA(adcHandle,DMA_Handle,hdma_adc1);
 116:Core/Src/adc.c **** 
 117:Core/Src/adc.c ****     /* ADC1 interrupt Init */
 118:Core/Src/adc.c ****     HAL_NVIC_SetPriority(ADC1_2_IRQn, 0, 0);
 119:Core/Src/adc.c ****     HAL_NVIC_EnableIRQ(ADC1_2_IRQn);
 120:Core/Src/adc.c ****   /* USER CODE BEGIN ADC1_MspInit 1 */
 121:Core/Src/adc.c **** 
 122:Core/Src/adc.c ****   /* USER CODE END ADC1_MspInit 1 */
 123:Core/Src/adc.c ****   }
 124:Core/Src/adc.c **** }
 186              		.loc 1 124 1 view .LVU48
 187 0016 06B0     		add	sp, sp, #24
 188              	.LCFI6:
 189              		.cfi_remember_state
 190              		.cfi_def_cfa_offset 8
 191              		@ sp needed
 192 0018 10BD     		pop	{r4, pc}
 193              	.LVL8:
 194              	.L15:
 195              	.LCFI7:
 196              		.cfi_restore_state
 197              		.loc 1 124 1 view .LVU49
 198 001a 0446     		mov	r4, r0
  89:Core/Src/adc.c **** 
 199              		.loc 1 89 5 is_stmt 1 view .LVU50
 200              	.LBB2:
  89:Core/Src/adc.c **** 
 201              		.loc 1 89 5 view .LVU51
  89:Core/Src/adc.c **** 
 202              		.loc 1 89 5 view .LVU52
 203 001c 03F56C43 		add	r3, r3, #60416
 204 0020 9A69     		ldr	r2, [r3, #24]
 205 0022 42F40072 		orr	r2, r2, #512
 206 0026 9A61     		str	r2, [r3, #24]
  89:Core/Src/adc.c **** 
 207              		.loc 1 89 5 view .LVU53
 208 0028 9A69     		ldr	r2, [r3, #24]
 209 002a 02F40072 		and	r2, r2, #512
 210 002e 0092     		str	r2, [sp]
  89:Core/Src/adc.c **** 
 211              		.loc 1 89 5 view .LVU54
 212 0030 009A     		ldr	r2, [sp]
 213              	.LBE2:
ARM GAS  C:\Users\Ahuratus\AppData\Local\Temp\ccsgXJDG.s 			page 7


  89:Core/Src/adc.c **** 
 214              		.loc 1 89 5 view .LVU55
  91:Core/Src/adc.c ****     /**ADC1 GPIO Configuration
 215              		.loc 1 91 5 view .LVU56
 216              	.LBB3:
  91:Core/Src/adc.c ****     /**ADC1 GPIO Configuration
 217              		.loc 1 91 5 view .LVU57
  91:Core/Src/adc.c ****     /**ADC1 GPIO Configuration
 218              		.loc 1 91 5 view .LVU58
 219 0032 9A69     		ldr	r2, [r3, #24]
 220 0034 42F00402 		orr	r2, r2, #4
 221 0038 9A61     		str	r2, [r3, #24]
  91:Core/Src/adc.c ****     /**ADC1 GPIO Configuration
 222              		.loc 1 91 5 view .LVU59
 223 003a 9B69     		ldr	r3, [r3, #24]
 224 003c 03F00403 		and	r3, r3, #4
 225 0040 0193     		str	r3, [sp, #4]
  91:Core/Src/adc.c ****     /**ADC1 GPIO Configuration
 226              		.loc 1 91 5 view .LVU60
 227 0042 019B     		ldr	r3, [sp, #4]
 228              	.LBE3:
  91:Core/Src/adc.c ****     /**ADC1 GPIO Configuration
 229              		.loc 1 91 5 view .LVU61
  96:Core/Src/adc.c ****     GPIO_InitStruct.Mode = GPIO_MODE_ANALOG;
 230              		.loc 1 96 5 view .LVU62
  96:Core/Src/adc.c ****     GPIO_InitStruct.Mode = GPIO_MODE_ANALOG;
 231              		.loc 1 96 25 is_stmt 0 view .LVU63
 232 0044 0623     		movs	r3, #6
 233 0046 0293     		str	r3, [sp, #8]
  97:Core/Src/adc.c ****     HAL_GPIO_Init(GPIOA, &GPIO_InitStruct);
 234              		.loc 1 97 5 is_stmt 1 view .LVU64
  97:Core/Src/adc.c ****     HAL_GPIO_Init(GPIOA, &GPIO_InitStruct);
 235              		.loc 1 97 26 is_stmt 0 view .LVU65
 236 0048 0323     		movs	r3, #3
 237 004a 0393     		str	r3, [sp, #12]
  98:Core/Src/adc.c **** 
 238              		.loc 1 98 5 is_stmt 1 view .LVU66
 239 004c 02A9     		add	r1, sp, #8
 240 004e 1448     		ldr	r0, .L17+4
 241              	.LVL9:
  98:Core/Src/adc.c **** 
 242              		.loc 1 98 5 is_stmt 0 view .LVU67
 243 0050 FFF7FEFF 		bl	HAL_GPIO_Init
 244              	.LVL10:
 102:Core/Src/adc.c ****     hdma_adc1.Init.Direction = DMA_PERIPH_TO_MEMORY;
 245              		.loc 1 102 5 is_stmt 1 view .LVU68
 102:Core/Src/adc.c ****     hdma_adc1.Init.Direction = DMA_PERIPH_TO_MEMORY;
 246              		.loc 1 102 24 is_stmt 0 view .LVU69
 247 0054 1348     		ldr	r0, .L17+8
 248 0056 144B     		ldr	r3, .L17+12
 249 0058 0360     		str	r3, [r0]
 103:Core/Src/adc.c ****     hdma_adc1.Init.PeriphInc = DMA_PINC_DISABLE;
 250              		.loc 1 103 5 is_stmt 1 view .LVU70
 103:Core/Src/adc.c ****     hdma_adc1.Init.PeriphInc = DMA_PINC_DISABLE;
 251              		.loc 1 103 30 is_stmt 0 view .LVU71
 252 005a 0023     		movs	r3, #0
 253 005c 4360     		str	r3, [r0, #4]
ARM GAS  C:\Users\Ahuratus\AppData\Local\Temp\ccsgXJDG.s 			page 8


 104:Core/Src/adc.c ****     hdma_adc1.Init.MemInc = DMA_MINC_ENABLE;
 254              		.loc 1 104 5 is_stmt 1 view .LVU72
 104:Core/Src/adc.c ****     hdma_adc1.Init.MemInc = DMA_MINC_ENABLE;
 255              		.loc 1 104 30 is_stmt 0 view .LVU73
 256 005e 8360     		str	r3, [r0, #8]
 105:Core/Src/adc.c ****     hdma_adc1.Init.PeriphDataAlignment = DMA_PDATAALIGN_HALFWORD;
 257              		.loc 1 105 5 is_stmt 1 view .LVU74
 105:Core/Src/adc.c ****     hdma_adc1.Init.PeriphDataAlignment = DMA_PDATAALIGN_HALFWORD;
 258              		.loc 1 105 27 is_stmt 0 view .LVU75
 259 0060 8022     		movs	r2, #128
 260 0062 C260     		str	r2, [r0, #12]
 106:Core/Src/adc.c ****     hdma_adc1.Init.MemDataAlignment = DMA_MDATAALIGN_HALFWORD;
 261              		.loc 1 106 5 is_stmt 1 view .LVU76
 106:Core/Src/adc.c ****     hdma_adc1.Init.MemDataAlignment = DMA_MDATAALIGN_HALFWORD;
 262              		.loc 1 106 40 is_stmt 0 view .LVU77
 263 0064 4FF48072 		mov	r2, #256
 264 0068 0261     		str	r2, [r0, #16]
 107:Core/Src/adc.c ****     hdma_adc1.Init.Mode = DMA_CIRCULAR;
 265              		.loc 1 107 5 is_stmt 1 view .LVU78
 107:Core/Src/adc.c ****     hdma_adc1.Init.Mode = DMA_CIRCULAR;
 266              		.loc 1 107 37 is_stmt 0 view .LVU79
 267 006a 4FF48062 		mov	r2, #1024
 268 006e 4261     		str	r2, [r0, #20]
 108:Core/Src/adc.c ****     hdma_adc1.Init.Priority = DMA_PRIORITY_LOW;
 269              		.loc 1 108 5 is_stmt 1 view .LVU80
 108:Core/Src/adc.c ****     hdma_adc1.Init.Priority = DMA_PRIORITY_LOW;
 270              		.loc 1 108 25 is_stmt 0 view .LVU81
 271 0070 2022     		movs	r2, #32
 272 0072 8261     		str	r2, [r0, #24]
 109:Core/Src/adc.c ****     if (HAL_DMA_Init(&hdma_adc1) != HAL_OK)
 273              		.loc 1 109 5 is_stmt 1 view .LVU82
 109:Core/Src/adc.c ****     if (HAL_DMA_Init(&hdma_adc1) != HAL_OK)
 274              		.loc 1 109 29 is_stmt 0 view .LVU83
 275 0074 C361     		str	r3, [r0, #28]
 110:Core/Src/adc.c ****     {
 276              		.loc 1 110 5 is_stmt 1 view .LVU84
 110:Core/Src/adc.c ****     {
 277              		.loc 1 110 9 is_stmt 0 view .LVU85
 278 0076 FFF7FEFF 		bl	HAL_DMA_Init
 279              	.LVL11:
 110:Core/Src/adc.c ****     {
 280              		.loc 1 110 8 view .LVU86
 281 007a 58B9     		cbnz	r0, .L16
 282              	.L13:
 115:Core/Src/adc.c **** 
 283              		.loc 1 115 5 is_stmt 1 view .LVU87
 115:Core/Src/adc.c **** 
 284              		.loc 1 115 5 view .LVU88
 285 007c 094B     		ldr	r3, .L17+8
 286 007e 2362     		str	r3, [r4, #32]
 115:Core/Src/adc.c **** 
 287              		.loc 1 115 5 view .LVU89
 288 0080 5C62     		str	r4, [r3, #36]
 115:Core/Src/adc.c **** 
 289              		.loc 1 115 5 view .LVU90
 118:Core/Src/adc.c ****     HAL_NVIC_EnableIRQ(ADC1_2_IRQn);
 290              		.loc 1 118 5 view .LVU91
ARM GAS  C:\Users\Ahuratus\AppData\Local\Temp\ccsgXJDG.s 			page 9


 291 0082 0022     		movs	r2, #0
 292 0084 1146     		mov	r1, r2
 293 0086 1220     		movs	r0, #18
 294 0088 FFF7FEFF 		bl	HAL_NVIC_SetPriority
 295              	.LVL12:
 119:Core/Src/adc.c ****   /* USER CODE BEGIN ADC1_MspInit 1 */
 296              		.loc 1 119 5 view .LVU92
 297 008c 1220     		movs	r0, #18
 298 008e FFF7FEFF 		bl	HAL_NVIC_EnableIRQ
 299              	.LVL13:
 300              		.loc 1 124 1 is_stmt 0 view .LVU93
 301 0092 C0E7     		b	.L11
 302              	.L16:
 112:Core/Src/adc.c ****     }
 303              		.loc 1 112 7 is_stmt 1 view .LVU94
 304 0094 FFF7FEFF 		bl	Error_Handler
 305              	.LVL14:
 306 0098 F0E7     		b	.L13
 307              	.L18:
 308 009a 00BF     		.align	2
 309              	.L17:
 310 009c 00240140 		.word	1073816576
 311 00a0 00080140 		.word	1073809408
 312 00a4 00000000 		.word	.LANCHOR1
 313 00a8 08000240 		.word	1073872904
 314              		.cfi_endproc
 315              	.LFE66:
 317              		.section	.text.HAL_ADC_MspDeInit,"ax",%progbits
 318              		.align	1
 319              		.global	HAL_ADC_MspDeInit
 320              		.syntax unified
 321              		.thumb
 322              		.thumb_func
 324              	HAL_ADC_MspDeInit:
 325              	.LVL15:
 326              	.LFB67:
 125:Core/Src/adc.c **** 
 126:Core/Src/adc.c **** void HAL_ADC_MspDeInit(ADC_HandleTypeDef* adcHandle)
 127:Core/Src/adc.c **** {
 327              		.loc 1 127 1 view -0
 328              		.cfi_startproc
 329              		@ args = 0, pretend = 0, frame = 0
 330              		@ frame_needed = 0, uses_anonymous_args = 0
 128:Core/Src/adc.c **** 
 129:Core/Src/adc.c ****   if(adcHandle->Instance==ADC1)
 331              		.loc 1 129 3 view .LVU96
 332              		.loc 1 129 15 is_stmt 0 view .LVU97
 333 0000 0268     		ldr	r2, [r0]
 334              		.loc 1 129 5 view .LVU98
 335 0002 0B4B     		ldr	r3, .L26
 336 0004 9A42     		cmp	r2, r3
 337 0006 00D0     		beq	.L25
 338 0008 7047     		bx	lr
 339              	.L25:
 127:Core/Src/adc.c **** 
 340              		.loc 1 127 1 view .LVU99
 341 000a 10B5     		push	{r4, lr}
ARM GAS  C:\Users\Ahuratus\AppData\Local\Temp\ccsgXJDG.s 			page 10


 342              	.LCFI8:
 343              		.cfi_def_cfa_offset 8
 344              		.cfi_offset 4, -8
 345              		.cfi_offset 14, -4
 346 000c 0446     		mov	r4, r0
 130:Core/Src/adc.c ****   {
 131:Core/Src/adc.c ****   /* USER CODE BEGIN ADC1_MspDeInit 0 */
 132:Core/Src/adc.c **** 
 133:Core/Src/adc.c ****   /* USER CODE END ADC1_MspDeInit 0 */
 134:Core/Src/adc.c ****     /* Peripheral clock disable */
 135:Core/Src/adc.c ****     __HAL_RCC_ADC1_CLK_DISABLE();
 347              		.loc 1 135 5 is_stmt 1 view .LVU100
 348 000e 094A     		ldr	r2, .L26+4
 349 0010 9369     		ldr	r3, [r2, #24]
 350 0012 23F40073 		bic	r3, r3, #512
 351 0016 9361     		str	r3, [r2, #24]
 136:Core/Src/adc.c **** 
 137:Core/Src/adc.c ****     /**ADC1 GPIO Configuration
 138:Core/Src/adc.c ****     PA1     ------> ADC1_IN1
 139:Core/Src/adc.c ****     PA2     ------> ADC1_IN2
 140:Core/Src/adc.c ****     */
 141:Core/Src/adc.c ****     HAL_GPIO_DeInit(GPIOA, GPIO_PIN_1|GPIO_PIN_2);
 352              		.loc 1 141 5 view .LVU101
 353 0018 0621     		movs	r1, #6
 354 001a 0748     		ldr	r0, .L26+8
 355              	.LVL16:
 356              		.loc 1 141 5 is_stmt 0 view .LVU102
 357 001c FFF7FEFF 		bl	HAL_GPIO_DeInit
 358              	.LVL17:
 142:Core/Src/adc.c **** 
 143:Core/Src/adc.c ****     /* ADC1 DMA DeInit */
 144:Core/Src/adc.c ****     HAL_DMA_DeInit(adcHandle->DMA_Handle);
 359              		.loc 1 144 5 is_stmt 1 view .LVU103
 360 0020 206A     		ldr	r0, [r4, #32]
 361 0022 FFF7FEFF 		bl	HAL_DMA_DeInit
 362              	.LVL18:
 145:Core/Src/adc.c **** 
 146:Core/Src/adc.c ****     /* ADC1 interrupt Deinit */
 147:Core/Src/adc.c ****     HAL_NVIC_DisableIRQ(ADC1_2_IRQn);
 363              		.loc 1 147 5 view .LVU104
 364 0026 1220     		movs	r0, #18
 365 0028 FFF7FEFF 		bl	HAL_NVIC_DisableIRQ
 366              	.LVL19:
 148:Core/Src/adc.c ****   /* USER CODE BEGIN ADC1_MspDeInit 1 */
 149:Core/Src/adc.c **** 
 150:Core/Src/adc.c ****   /* USER CODE END ADC1_MspDeInit 1 */
 151:Core/Src/adc.c ****   }
 152:Core/Src/adc.c **** }
 367              		.loc 1 152 1 is_stmt 0 view .LVU105
 368 002c 10BD     		pop	{r4, pc}
 369              	.LVL20:
 370              	.L27:
 371              		.loc 1 152 1 view .LVU106
 372 002e 00BF     		.align	2
 373              	.L26:
 374 0030 00240140 		.word	1073816576
 375 0034 00100240 		.word	1073876992
ARM GAS  C:\Users\Ahuratus\AppData\Local\Temp\ccsgXJDG.s 			page 11


 376 0038 00080140 		.word	1073809408
 377              		.cfi_endproc
 378              	.LFE67:
 380              		.global	hdma_adc1
 381              		.global	hadc1
 382              		.section	.bss.hadc1,"aw",%nobits
 383              		.align	2
 384              		.set	.LANCHOR0,. + 0
 387              	hadc1:
 388 0000 00000000 		.space	48
 388      00000000 
 388      00000000 
 388      00000000 
 388      00000000 
 389              		.section	.bss.hdma_adc1,"aw",%nobits
 390              		.align	2
 391              		.set	.LANCHOR1,. + 0
 394              	hdma_adc1:
 395 0000 00000000 		.space	68
 395      00000000 
 395      00000000 
 395      00000000 
 395      00000000 
 396              		.text
 397              	.Letext0:
 398              		.file 2 "c:\\program files (x86)\\gnu arm embedded toolchain\\10 2021.10\\arm-none-eabi\\include\\
 399              		.file 3 "c:\\program files (x86)\\gnu arm embedded toolchain\\10 2021.10\\arm-none-eabi\\include\\
 400              		.file 4 "Drivers/CMSIS/Device/ST/STM32F1xx/Include/stm32f103xb.h"
 401              		.file 5 "Drivers/CMSIS/Device/ST/STM32F1xx/Include/stm32f1xx.h"
 402              		.file 6 "Drivers/STM32F1xx_HAL_Driver/Inc/stm32f1xx_hal_def.h"
 403              		.file 7 "Drivers/STM32F1xx_HAL_Driver/Inc/stm32f1xx_hal_gpio.h"
 404              		.file 8 "Drivers/STM32F1xx_HAL_Driver/Inc/stm32f1xx_hal_dma.h"
 405              		.file 9 "Drivers/STM32F1xx_HAL_Driver/Inc/stm32f1xx_hal_adc.h"
 406              		.file 10 "Core/Inc/adc.h"
 407              		.file 11 "Drivers/STM32F1xx_HAL_Driver/Inc/stm32f1xx_hal_cortex.h"
 408              		.file 12 "Core/Inc/main.h"
ARM GAS  C:\Users\Ahuratus\AppData\Local\Temp\ccsgXJDG.s 			page 12


DEFINED SYMBOLS
                            *ABS*:00000000 adc.c
C:\Users\Ahuratus\AppData\Local\Temp\ccsgXJDG.s:18     .text.MX_ADC1_Init:00000000 $t
C:\Users\Ahuratus\AppData\Local\Temp\ccsgXJDG.s:24     .text.MX_ADC1_Init:00000000 MX_ADC1_Init
C:\Users\Ahuratus\AppData\Local\Temp\ccsgXJDG.s:142    .text.MX_ADC1_Init:0000006c $d
C:\Users\Ahuratus\AppData\Local\Temp\ccsgXJDG.s:148    .text.HAL_ADC_MspInit:00000000 $t
C:\Users\Ahuratus\AppData\Local\Temp\ccsgXJDG.s:154    .text.HAL_ADC_MspInit:00000000 HAL_ADC_MspInit
C:\Users\Ahuratus\AppData\Local\Temp\ccsgXJDG.s:310    .text.HAL_ADC_MspInit:0000009c $d
C:\Users\Ahuratus\AppData\Local\Temp\ccsgXJDG.s:318    .text.HAL_ADC_MspDeInit:00000000 $t
C:\Users\Ahuratus\AppData\Local\Temp\ccsgXJDG.s:324    .text.HAL_ADC_MspDeInit:00000000 HAL_ADC_MspDeInit
C:\Users\Ahuratus\AppData\Local\Temp\ccsgXJDG.s:374    .text.HAL_ADC_MspDeInit:00000030 $d
C:\Users\Ahuratus\AppData\Local\Temp\ccsgXJDG.s:394    .bss.hdma_adc1:00000000 hdma_adc1
C:\Users\Ahuratus\AppData\Local\Temp\ccsgXJDG.s:387    .bss.hadc1:00000000 hadc1
C:\Users\Ahuratus\AppData\Local\Temp\ccsgXJDG.s:383    .bss.hadc1:00000000 $d
C:\Users\Ahuratus\AppData\Local\Temp\ccsgXJDG.s:390    .bss.hdma_adc1:00000000 $d

UNDEFINED SYMBOLS
HAL_ADC_Init
HAL_ADC_ConfigChannel
Error_Handler
HAL_GPIO_Init
HAL_DMA_Init
HAL_NVIC_SetPriority
HAL_NVIC_EnableIRQ
HAL_GPIO_DeInit
HAL_DMA_DeInit
HAL_NVIC_DisableIRQ
