ARM GAS  C:\Users\Ahuratus\AppData\Local\Temp\ccKH5zOC.s 			page 1


   1              		.cpu cortex-m3
   2              		.arch armv7-m
   3              		.fpu softvfp
   4              		.eabi_attribute 20, 1
   5              		.eabi_attribute 21, 1
   6              		.eabi_attribute 23, 3
   7              		.eabi_attribute 24, 1
   8              		.eabi_attribute 25, 1
   9              		.eabi_attribute 26, 1
  10              		.eabi_attribute 30, 1
  11              		.eabi_attribute 34, 1
  12              		.eabi_attribute 18, 4
  13              		.file	"gpio.c"
  14              		.text
  15              	.Ltext0:
  16              		.cfi_sections	.debug_frame
  17              		.section	.text.MX_GPIO_Init,"ax",%progbits
  18              		.align	1
  19              		.global	MX_GPIO_Init
  20              		.syntax unified
  21              		.thumb
  22              		.thumb_func
  24              	MX_GPIO_Init:
  25              	.LFB65:
  26              		.file 1 "Core/Src/gpio.c"
   1:Core/Src/gpio.c **** /**
   2:Core/Src/gpio.c ****   ******************************************************************************
   3:Core/Src/gpio.c ****   * @file    gpio.c
   4:Core/Src/gpio.c ****   * @brief   This file provides code for the configuration
   5:Core/Src/gpio.c ****   *          of all used GPIO pins.
   6:Core/Src/gpio.c ****   ******************************************************************************
   7:Core/Src/gpio.c ****   * @attention
   8:Core/Src/gpio.c ****   *
   9:Core/Src/gpio.c ****   * <h2><center>&copy; Copyright (c) 2021 STMicroelectronics.
  10:Core/Src/gpio.c ****   * All rights reserved.</center></h2>
  11:Core/Src/gpio.c ****   *
  12:Core/Src/gpio.c ****   * This software component is licensed by ST under BSD 3-Clause license,
  13:Core/Src/gpio.c ****   * the "License"; You may not use this file except in compliance with the
  14:Core/Src/gpio.c ****   * License. You may obtain a copy of the License at:
  15:Core/Src/gpio.c ****   *                        opensource.org/licenses/BSD-3-Clause
  16:Core/Src/gpio.c ****   *
  17:Core/Src/gpio.c ****   ******************************************************************************
  18:Core/Src/gpio.c ****   */
  19:Core/Src/gpio.c **** 
  20:Core/Src/gpio.c **** /* Includes ------------------------------------------------------------------*/
  21:Core/Src/gpio.c **** #include "gpio.h"
  22:Core/Src/gpio.c **** 
  23:Core/Src/gpio.c **** /* USER CODE BEGIN 0 */
  24:Core/Src/gpio.c **** 
  25:Core/Src/gpio.c **** /* USER CODE END 0 */
  26:Core/Src/gpio.c **** 
  27:Core/Src/gpio.c **** /*----------------------------------------------------------------------------*/
  28:Core/Src/gpio.c **** /* Configure GPIO                                                             */
  29:Core/Src/gpio.c **** /*----------------------------------------------------------------------------*/
  30:Core/Src/gpio.c **** /* USER CODE BEGIN 1 */
  31:Core/Src/gpio.c **** 
  32:Core/Src/gpio.c **** /* USER CODE END 1 */
ARM GAS  C:\Users\Ahuratus\AppData\Local\Temp\ccKH5zOC.s 			page 2


  33:Core/Src/gpio.c **** 
  34:Core/Src/gpio.c **** /** Configure pins as
  35:Core/Src/gpio.c ****         * Analog
  36:Core/Src/gpio.c ****         * Input
  37:Core/Src/gpio.c ****         * Output
  38:Core/Src/gpio.c ****         * EVENT_OUT
  39:Core/Src/gpio.c ****         * EXTI
  40:Core/Src/gpio.c ****      PA1   ------> ADCx_IN1
  41:Core/Src/gpio.c ****      PA2   ------> ADCx_IN2
  42:Core/Src/gpio.c **** */
  43:Core/Src/gpio.c **** void MX_GPIO_Init(void)
  44:Core/Src/gpio.c **** {
  27              		.loc 1 44 1 view -0
  28              		.cfi_startproc
  29              		@ args = 0, pretend = 0, frame = 32
  30              		@ frame_needed = 0, uses_anonymous_args = 0
  31 0000 2DE9F043 		push	{r4, r5, r6, r7, r8, r9, lr}
  32              	.LCFI0:
  33              		.cfi_def_cfa_offset 28
  34              		.cfi_offset 4, -28
  35              		.cfi_offset 5, -24
  36              		.cfi_offset 6, -20
  37              		.cfi_offset 7, -16
  38              		.cfi_offset 8, -12
  39              		.cfi_offset 9, -8
  40              		.cfi_offset 14, -4
  41 0004 89B0     		sub	sp, sp, #36
  42              	.LCFI1:
  43              		.cfi_def_cfa_offset 64
  45:Core/Src/gpio.c **** 
  46:Core/Src/gpio.c ****   GPIO_InitTypeDef GPIO_InitStruct = {0};
  44              		.loc 1 46 3 view .LVU1
  45              		.loc 1 46 20 is_stmt 0 view .LVU2
  46 0006 0024     		movs	r4, #0
  47 0008 0494     		str	r4, [sp, #16]
  48 000a 0594     		str	r4, [sp, #20]
  49 000c 0694     		str	r4, [sp, #24]
  50 000e 0794     		str	r4, [sp, #28]
  47:Core/Src/gpio.c **** 
  48:Core/Src/gpio.c ****   /* GPIO Ports Clock Enable */
  49:Core/Src/gpio.c ****   __HAL_RCC_GPIOD_CLK_ENABLE();
  51              		.loc 1 49 3 is_stmt 1 view .LVU3
  52              	.LBB2:
  53              		.loc 1 49 3 view .LVU4
  54              		.loc 1 49 3 view .LVU5
  55 0010 344B     		ldr	r3, .L3
  56 0012 9A69     		ldr	r2, [r3, #24]
  57 0014 42F02002 		orr	r2, r2, #32
  58 0018 9A61     		str	r2, [r3, #24]
  59              		.loc 1 49 3 view .LVU6
  60 001a 9A69     		ldr	r2, [r3, #24]
  61 001c 02F02002 		and	r2, r2, #32
  62 0020 0192     		str	r2, [sp, #4]
  63              		.loc 1 49 3 view .LVU7
  64 0022 019A     		ldr	r2, [sp, #4]
  65              	.LBE2:
  66              		.loc 1 49 3 view .LVU8
ARM GAS  C:\Users\Ahuratus\AppData\Local\Temp\ccKH5zOC.s 			page 3


  50:Core/Src/gpio.c ****   __HAL_RCC_GPIOA_CLK_ENABLE();
  67              		.loc 1 50 3 view .LVU9
  68              	.LBB3:
  69              		.loc 1 50 3 view .LVU10
  70              		.loc 1 50 3 view .LVU11
  71 0024 9A69     		ldr	r2, [r3, #24]
  72 0026 42F00402 		orr	r2, r2, #4
  73 002a 9A61     		str	r2, [r3, #24]
  74              		.loc 1 50 3 view .LVU12
  75 002c 9A69     		ldr	r2, [r3, #24]
  76 002e 02F00402 		and	r2, r2, #4
  77 0032 0292     		str	r2, [sp, #8]
  78              		.loc 1 50 3 view .LVU13
  79 0034 029A     		ldr	r2, [sp, #8]
  80              	.LBE3:
  81              		.loc 1 50 3 view .LVU14
  51:Core/Src/gpio.c ****   __HAL_RCC_GPIOB_CLK_ENABLE();
  82              		.loc 1 51 3 view .LVU15
  83              	.LBB4:
  84              		.loc 1 51 3 view .LVU16
  85              		.loc 1 51 3 view .LVU17
  86 0036 9A69     		ldr	r2, [r3, #24]
  87 0038 42F00802 		orr	r2, r2, #8
  88 003c 9A61     		str	r2, [r3, #24]
  89              		.loc 1 51 3 view .LVU18
  90 003e 9B69     		ldr	r3, [r3, #24]
  91 0040 03F00803 		and	r3, r3, #8
  92 0044 0393     		str	r3, [sp, #12]
  93              		.loc 1 51 3 view .LVU19
  94 0046 039B     		ldr	r3, [sp, #12]
  95              	.LBE4:
  96              		.loc 1 51 3 view .LVU20
  52:Core/Src/gpio.c **** 
  53:Core/Src/gpio.c ****   /*Configure GPIO pin Output Level */
  54:Core/Src/gpio.c ****   HAL_GPIO_WritePin(GPIOA, PHASE_Pin|LED_Pin, GPIO_PIN_RESET);
  97              		.loc 1 54 3 view .LVU21
  98 0048 274E     		ldr	r6, .L3+4
  99 004a 2246     		mov	r2, r4
 100 004c 4FF40241 		mov	r1, #33280
 101 0050 3046     		mov	r0, r6
 102 0052 FFF7FEFF 		bl	HAL_GPIO_WritePin
 103              	.LVL0:
  55:Core/Src/gpio.c **** 
  56:Core/Src/gpio.c ****   /*Configure GPIO pin Output Level */
  57:Core/Src/gpio.c ****   HAL_GPIO_WritePin(GPIOB, EN_Pin|RST_Pin, GPIO_PIN_RESET);
 104              		.loc 1 57 3 view .LVU22
 105 0056 254D     		ldr	r5, .L3+8
 106 0058 2246     		mov	r2, r4
 107 005a 3021     		movs	r1, #48
 108 005c 2846     		mov	r0, r5
 109 005e FFF7FEFF 		bl	HAL_GPIO_WritePin
 110              	.LVL1:
  58:Core/Src/gpio.c **** 
  59:Core/Src/gpio.c ****   /*Configure GPIO pins : PA1 PA2 */
  60:Core/Src/gpio.c ****   GPIO_InitStruct.Pin = GPIO_PIN_1|GPIO_PIN_2;
 111              		.loc 1 60 3 view .LVU23
 112              		.loc 1 60 23 is_stmt 0 view .LVU24
ARM GAS  C:\Users\Ahuratus\AppData\Local\Temp\ccKH5zOC.s 			page 4


 113 0062 0623     		movs	r3, #6
 114 0064 0493     		str	r3, [sp, #16]
  61:Core/Src/gpio.c ****   GPIO_InitStruct.Mode = GPIO_MODE_ANALOG;
 115              		.loc 1 61 3 is_stmt 1 view .LVU25
 116              		.loc 1 61 24 is_stmt 0 view .LVU26
 117 0066 0327     		movs	r7, #3
 118 0068 0597     		str	r7, [sp, #20]
  62:Core/Src/gpio.c ****   HAL_GPIO_Init(GPIOA, &GPIO_InitStruct);
 119              		.loc 1 62 3 is_stmt 1 view .LVU27
 120 006a 04A9     		add	r1, sp, #16
 121 006c 3046     		mov	r0, r6
 122 006e FFF7FEFF 		bl	HAL_GPIO_Init
 123              	.LVL2:
  63:Core/Src/gpio.c **** 
  64:Core/Src/gpio.c ****   /*Configure GPIO pin : PtPin */
  65:Core/Src/gpio.c ****   GPIO_InitStruct.Pin = PHASE_Pin;
 124              		.loc 1 65 3 view .LVU28
 125              		.loc 1 65 23 is_stmt 0 view .LVU29
 126 0072 4FF40073 		mov	r3, #512
 127 0076 0493     		str	r3, [sp, #16]
  66:Core/Src/gpio.c ****   GPIO_InitStruct.Mode = GPIO_MODE_OUTPUT_PP;
 128              		.loc 1 66 3 is_stmt 1 view .LVU30
 129              		.loc 1 66 24 is_stmt 0 view .LVU31
 130 0078 4FF00108 		mov	r8, #1
 131 007c CDF81480 		str	r8, [sp, #20]
  67:Core/Src/gpio.c ****   GPIO_InitStruct.Pull = GPIO_NOPULL;
 132              		.loc 1 67 3 is_stmt 1 view .LVU32
 133              		.loc 1 67 24 is_stmt 0 view .LVU33
 134 0080 0694     		str	r4, [sp, #24]
  68:Core/Src/gpio.c ****   GPIO_InitStruct.Speed = GPIO_SPEED_FREQ_HIGH;
 135              		.loc 1 68 3 is_stmt 1 view .LVU34
 136              		.loc 1 68 25 is_stmt 0 view .LVU35
 137 0082 0797     		str	r7, [sp, #28]
  69:Core/Src/gpio.c ****   HAL_GPIO_Init(PHASE_GPIO_Port, &GPIO_InitStruct);
 138              		.loc 1 69 3 is_stmt 1 view .LVU36
 139 0084 04A9     		add	r1, sp, #16
 140 0086 3046     		mov	r0, r6
 141 0088 FFF7FEFF 		bl	HAL_GPIO_Init
 142              	.LVL3:
  70:Core/Src/gpio.c **** 
  71:Core/Src/gpio.c ****   /*Configure GPIO pin : PtPin */
  72:Core/Src/gpio.c ****   GPIO_InitStruct.Pin = LED_Pin;
 143              		.loc 1 72 3 view .LVU37
 144              		.loc 1 72 23 is_stmt 0 view .LVU38
 145 008c 4FF40043 		mov	r3, #32768
 146 0090 0493     		str	r3, [sp, #16]
  73:Core/Src/gpio.c ****   GPIO_InitStruct.Mode = GPIO_MODE_OUTPUT_PP;
 147              		.loc 1 73 3 is_stmt 1 view .LVU39
 148              		.loc 1 73 24 is_stmt 0 view .LVU40
 149 0092 CDF81480 		str	r8, [sp, #20]
  74:Core/Src/gpio.c ****   GPIO_InitStruct.Pull = GPIO_NOPULL;
 150              		.loc 1 74 3 is_stmt 1 view .LVU41
 151              		.loc 1 74 24 is_stmt 0 view .LVU42
 152 0096 0694     		str	r4, [sp, #24]
  75:Core/Src/gpio.c ****   GPIO_InitStruct.Speed = GPIO_SPEED_FREQ_LOW;
 153              		.loc 1 75 3 is_stmt 1 view .LVU43
 154              		.loc 1 75 25 is_stmt 0 view .LVU44
ARM GAS  C:\Users\Ahuratus\AppData\Local\Temp\ccKH5zOC.s 			page 5


 155 0098 4FF00209 		mov	r9, #2
 156 009c CDF81C90 		str	r9, [sp, #28]
  76:Core/Src/gpio.c ****   HAL_GPIO_Init(LED_GPIO_Port, &GPIO_InitStruct);
 157              		.loc 1 76 3 is_stmt 1 view .LVU45
 158 00a0 04A9     		add	r1, sp, #16
 159 00a2 3046     		mov	r0, r6
 160 00a4 FFF7FEFF 		bl	HAL_GPIO_Init
 161              	.LVL4:
  77:Core/Src/gpio.c **** 
  78:Core/Src/gpio.c ****   /*Configure GPIO pin : PtPin */
  79:Core/Src/gpio.c ****   GPIO_InitStruct.Pin = FAULT_Pin;
 162              		.loc 1 79 3 view .LVU46
 163              		.loc 1 79 23 is_stmt 0 view .LVU47
 164 00a8 0823     		movs	r3, #8
 165 00aa 0493     		str	r3, [sp, #16]
  80:Core/Src/gpio.c ****   GPIO_InitStruct.Mode = GPIO_MODE_IT_RISING;
 166              		.loc 1 80 3 is_stmt 1 view .LVU48
 167              		.loc 1 80 24 is_stmt 0 view .LVU49
 168 00ac 104B     		ldr	r3, .L3+12
 169 00ae 0593     		str	r3, [sp, #20]
  81:Core/Src/gpio.c ****   GPIO_InitStruct.Pull = GPIO_NOPULL;
 170              		.loc 1 81 3 is_stmt 1 view .LVU50
 171              		.loc 1 81 24 is_stmt 0 view .LVU51
 172 00b0 0694     		str	r4, [sp, #24]
  82:Core/Src/gpio.c ****   HAL_GPIO_Init(FAULT_GPIO_Port, &GPIO_InitStruct);
 173              		.loc 1 82 3 is_stmt 1 view .LVU52
 174 00b2 04A9     		add	r1, sp, #16
 175 00b4 2846     		mov	r0, r5
 176 00b6 FFF7FEFF 		bl	HAL_GPIO_Init
 177              	.LVL5:
  83:Core/Src/gpio.c **** 
  84:Core/Src/gpio.c ****   /*Configure GPIO pins : PBPin PBPin */
  85:Core/Src/gpio.c ****   GPIO_InitStruct.Pin = EN_Pin|RST_Pin;
 178              		.loc 1 85 3 view .LVU53
 179              		.loc 1 85 23 is_stmt 0 view .LVU54
 180 00ba 3023     		movs	r3, #48
 181 00bc 0493     		str	r3, [sp, #16]
  86:Core/Src/gpio.c ****   GPIO_InitStruct.Mode = GPIO_MODE_OUTPUT_PP;
 182              		.loc 1 86 3 is_stmt 1 view .LVU55
 183              		.loc 1 86 24 is_stmt 0 view .LVU56
 184 00be CDF81480 		str	r8, [sp, #20]
  87:Core/Src/gpio.c ****   GPIO_InitStruct.Pull = GPIO_NOPULL;
 185              		.loc 1 87 3 is_stmt 1 view .LVU57
 186              		.loc 1 87 24 is_stmt 0 view .LVU58
 187 00c2 0694     		str	r4, [sp, #24]
  88:Core/Src/gpio.c ****   GPIO_InitStruct.Speed = GPIO_SPEED_FREQ_LOW;
 188              		.loc 1 88 3 is_stmt 1 view .LVU59
 189              		.loc 1 88 25 is_stmt 0 view .LVU60
 190 00c4 CDF81C90 		str	r9, [sp, #28]
  89:Core/Src/gpio.c ****   HAL_GPIO_Init(GPIOB, &GPIO_InitStruct);
 191              		.loc 1 89 3 is_stmt 1 view .LVU61
 192 00c8 04A9     		add	r1, sp, #16
 193 00ca 2846     		mov	r0, r5
 194 00cc FFF7FEFF 		bl	HAL_GPIO_Init
 195              	.LVL6:
  90:Core/Src/gpio.c **** 
  91:Core/Src/gpio.c ****   /*Configure GPIO pins : PBPin PBPin */
ARM GAS  C:\Users\Ahuratus\AppData\Local\Temp\ccKH5zOC.s 			page 6


  92:Core/Src/gpio.c ****   GPIO_InitStruct.Pin = ADC_5V_Pin|ADC_12V_Pin;
 196              		.loc 1 92 3 view .LVU62
 197              		.loc 1 92 23 is_stmt 0 view .LVU63
 198 00d0 C023     		movs	r3, #192
 199 00d2 0493     		str	r3, [sp, #16]
  93:Core/Src/gpio.c ****   GPIO_InitStruct.Mode = GPIO_MODE_ANALOG;
 200              		.loc 1 93 3 is_stmt 1 view .LVU64
 201              		.loc 1 93 24 is_stmt 0 view .LVU65
 202 00d4 0597     		str	r7, [sp, #20]
  94:Core/Src/gpio.c ****   HAL_GPIO_Init(GPIOB, &GPIO_InitStruct);
 203              		.loc 1 94 3 is_stmt 1 view .LVU66
 204 00d6 04A9     		add	r1, sp, #16
 205 00d8 2846     		mov	r0, r5
 206 00da FFF7FEFF 		bl	HAL_GPIO_Init
 207              	.LVL7:
  95:Core/Src/gpio.c **** 
  96:Core/Src/gpio.c **** }
 208              		.loc 1 96 1 is_stmt 0 view .LVU67
 209 00de 09B0     		add	sp, sp, #36
 210              	.LCFI2:
 211              		.cfi_def_cfa_offset 28
 212              		@ sp needed
 213 00e0 BDE8F083 		pop	{r4, r5, r6, r7, r8, r9, pc}
 214              	.L4:
 215              		.align	2
 216              	.L3:
 217 00e4 00100240 		.word	1073876992
 218 00e8 00080140 		.word	1073809408
 219 00ec 000C0140 		.word	1073810432
 220 00f0 00001110 		.word	269549568
 221              		.cfi_endproc
 222              	.LFE65:
 224              		.text
 225              	.Letext0:
 226              		.file 2 "c:\\program files (x86)\\gnu arm embedded toolchain\\10 2021.10\\arm-none-eabi\\include\\
 227              		.file 3 "c:\\program files (x86)\\gnu arm embedded toolchain\\10 2021.10\\arm-none-eabi\\include\\
 228              		.file 4 "Drivers/CMSIS/Device/ST/STM32F1xx/Include/stm32f103xb.h"
 229              		.file 5 "Drivers/STM32F1xx_HAL_Driver/Inc/stm32f1xx_hal_gpio.h"
ARM GAS  C:\Users\Ahuratus\AppData\Local\Temp\ccKH5zOC.s 			page 7


DEFINED SYMBOLS
                            *ABS*:00000000 gpio.c
C:\Users\Ahuratus\AppData\Local\Temp\ccKH5zOC.s:18     .text.MX_GPIO_Init:00000000 $t
C:\Users\Ahuratus\AppData\Local\Temp\ccKH5zOC.s:24     .text.MX_GPIO_Init:00000000 MX_GPIO_Init
C:\Users\Ahuratus\AppData\Local\Temp\ccKH5zOC.s:217    .text.MX_GPIO_Init:000000e4 $d

UNDEFINED SYMBOLS
HAL_GPIO_WritePin
HAL_GPIO_Init
