ARM GAS  C:\Users\Ahuratus\AppData\Local\Temp\cccCg4x6.s 			page 1


   1              		.cpu cortex-m3
   2              		.arch armv7-m
   3              		.fpu softvfp
   4              		.eabi_attribute 20, 1
   5              		.eabi_attribute 21, 1
   6              		.eabi_attribute 23, 3
   7              		.eabi_attribute 24, 1
   8              		.eabi_attribute 25, 1
   9              		.eabi_attribute 26, 1
  10              		.eabi_attribute 30, 1
  11              		.eabi_attribute 34, 1
  12              		.eabi_attribute 18, 4
  13              		.file	"tim.c"
  14              		.text
  15              	.Ltext0:
  16              		.cfi_sections	.debug_frame
  17              		.section	.text.MX_TIM2_Init,"ax",%progbits
  18              		.align	1
  19              		.global	MX_TIM2_Init
  20              		.syntax unified
  21              		.thumb
  22              		.thumb_func
  24              	MX_TIM2_Init:
  25              	.LFB66:
  26              		.file 1 "Core/Src/tim.c"
   1:Core/Src/tim.c **** /**
   2:Core/Src/tim.c ****   ******************************************************************************
   3:Core/Src/tim.c ****   * @file    tim.c
   4:Core/Src/tim.c ****   * @brief   This file provides code for the configuration
   5:Core/Src/tim.c ****   *          of the TIM instances.
   6:Core/Src/tim.c ****   ******************************************************************************
   7:Core/Src/tim.c ****   * @attention
   8:Core/Src/tim.c ****   *
   9:Core/Src/tim.c ****   * <h2><center>&copy; Copyright (c) 2021 STMicroelectronics.
  10:Core/Src/tim.c ****   * All rights reserved.</center></h2>
  11:Core/Src/tim.c ****   *
  12:Core/Src/tim.c ****   * This software component is licensed by ST under BSD 3-Clause license,
  13:Core/Src/tim.c ****   * the "License"; You may not use this file except in compliance with the
  14:Core/Src/tim.c ****   * License. You may obtain a copy of the License at:
  15:Core/Src/tim.c ****   *                        opensource.org/licenses/BSD-3-Clause
  16:Core/Src/tim.c ****   *
  17:Core/Src/tim.c ****   ******************************************************************************
  18:Core/Src/tim.c ****   */
  19:Core/Src/tim.c **** 
  20:Core/Src/tim.c **** /* Includes ------------------------------------------------------------------*/
  21:Core/Src/tim.c **** #include "tim.h"
  22:Core/Src/tim.c **** 
  23:Core/Src/tim.c **** /* USER CODE BEGIN 0 */
  24:Core/Src/tim.c **** 
  25:Core/Src/tim.c **** /* USER CODE END 0 */
  26:Core/Src/tim.c **** 
  27:Core/Src/tim.c **** TIM_HandleTypeDef htim1;
  28:Core/Src/tim.c **** TIM_HandleTypeDef htim2;
  29:Core/Src/tim.c **** 
  30:Core/Src/tim.c **** /* TIM1 init function */
  31:Core/Src/tim.c **** void MX_TIM1_Init(void)
  32:Core/Src/tim.c **** {
ARM GAS  C:\Users\Ahuratus\AppData\Local\Temp\cccCg4x6.s 			page 2


  33:Core/Src/tim.c **** 
  34:Core/Src/tim.c ****   /* USER CODE BEGIN TIM1_Init 0 */
  35:Core/Src/tim.c **** 
  36:Core/Src/tim.c ****   /* USER CODE END TIM1_Init 0 */
  37:Core/Src/tim.c **** 
  38:Core/Src/tim.c ****   TIM_ClockConfigTypeDef sClockSourceConfig = {0};
  39:Core/Src/tim.c ****   TIM_MasterConfigTypeDef sMasterConfig = {0};
  40:Core/Src/tim.c ****   TIM_OC_InitTypeDef sConfigOC = {0};
  41:Core/Src/tim.c ****   TIM_BreakDeadTimeConfigTypeDef sBreakDeadTimeConfig = {0};
  42:Core/Src/tim.c **** 
  43:Core/Src/tim.c ****   /* USER CODE BEGIN TIM1_Init 1 */
  44:Core/Src/tim.c **** 
  45:Core/Src/tim.c ****   /* USER CODE END TIM1_Init 1 */
  46:Core/Src/tim.c ****   htim1.Instance = TIM1;
  47:Core/Src/tim.c ****   htim1.Init.Prescaler = 0;
  48:Core/Src/tim.c ****   htim1.Init.CounterMode = TIM_COUNTERMODE_UP;
  49:Core/Src/tim.c ****   htim1.Init.Period = 65535;
  50:Core/Src/tim.c ****   htim1.Init.ClockDivision = TIM_CLOCKDIVISION_DIV1;
  51:Core/Src/tim.c ****   htim1.Init.RepetitionCounter = 0;
  52:Core/Src/tim.c ****   htim1.Init.AutoReloadPreload = TIM_AUTORELOAD_PRELOAD_DISABLE;
  53:Core/Src/tim.c ****   if (HAL_TIM_Base_Init(&htim1) != HAL_OK)
  54:Core/Src/tim.c ****   {
  55:Core/Src/tim.c ****     Error_Handler();
  56:Core/Src/tim.c ****   }
  57:Core/Src/tim.c ****   sClockSourceConfig.ClockSource = TIM_CLOCKSOURCE_INTERNAL;
  58:Core/Src/tim.c ****   if (HAL_TIM_ConfigClockSource(&htim1, &sClockSourceConfig) != HAL_OK)
  59:Core/Src/tim.c ****   {
  60:Core/Src/tim.c ****     Error_Handler();
  61:Core/Src/tim.c ****   }
  62:Core/Src/tim.c ****   if (HAL_TIM_PWM_Init(&htim1) != HAL_OK)
  63:Core/Src/tim.c ****   {
  64:Core/Src/tim.c ****     Error_Handler();
  65:Core/Src/tim.c ****   }
  66:Core/Src/tim.c ****   sMasterConfig.MasterOutputTrigger = TIM_TRGO_RESET;
  67:Core/Src/tim.c ****   sMasterConfig.MasterSlaveMode = TIM_MASTERSLAVEMODE_DISABLE;
  68:Core/Src/tim.c ****   if (HAL_TIMEx_MasterConfigSynchronization(&htim1, &sMasterConfig) != HAL_OK)
  69:Core/Src/tim.c ****   {
  70:Core/Src/tim.c ****     Error_Handler();
  71:Core/Src/tim.c ****   }
  72:Core/Src/tim.c ****   sConfigOC.OCMode = TIM_OCMODE_PWM1;
  73:Core/Src/tim.c ****   sConfigOC.Pulse = 0;
  74:Core/Src/tim.c ****   sConfigOC.OCPolarity = TIM_OCPOLARITY_HIGH;
  75:Core/Src/tim.c ****   sConfigOC.OCNPolarity = TIM_OCNPOLARITY_HIGH;
  76:Core/Src/tim.c ****   sConfigOC.OCFastMode = TIM_OCFAST_DISABLE;
  77:Core/Src/tim.c ****   sConfigOC.OCIdleState = TIM_OCIDLESTATE_RESET;
  78:Core/Src/tim.c ****   sConfigOC.OCNIdleState = TIM_OCNIDLESTATE_RESET;
  79:Core/Src/tim.c ****   if (HAL_TIM_PWM_ConfigChannel(&htim1, &sConfigOC, TIM_CHANNEL_1) != HAL_OK)
  80:Core/Src/tim.c ****   {
  81:Core/Src/tim.c ****     Error_Handler();
  82:Core/Src/tim.c ****   }
  83:Core/Src/tim.c ****   sBreakDeadTimeConfig.OffStateRunMode = TIM_OSSR_DISABLE;
  84:Core/Src/tim.c ****   sBreakDeadTimeConfig.OffStateIDLEMode = TIM_OSSI_DISABLE;
  85:Core/Src/tim.c ****   sBreakDeadTimeConfig.LockLevel = TIM_LOCKLEVEL_OFF;
  86:Core/Src/tim.c ****   sBreakDeadTimeConfig.DeadTime = 0;
  87:Core/Src/tim.c ****   sBreakDeadTimeConfig.BreakState = TIM_BREAK_DISABLE;
  88:Core/Src/tim.c ****   sBreakDeadTimeConfig.BreakPolarity = TIM_BREAKPOLARITY_HIGH;
  89:Core/Src/tim.c ****   sBreakDeadTimeConfig.AutomaticOutput = TIM_AUTOMATICOUTPUT_DISABLE;
ARM GAS  C:\Users\Ahuratus\AppData\Local\Temp\cccCg4x6.s 			page 3


  90:Core/Src/tim.c ****   if (HAL_TIMEx_ConfigBreakDeadTime(&htim1, &sBreakDeadTimeConfig) != HAL_OK)
  91:Core/Src/tim.c ****   {
  92:Core/Src/tim.c ****     Error_Handler();
  93:Core/Src/tim.c ****   }
  94:Core/Src/tim.c ****   /* USER CODE BEGIN TIM1_Init 2 */
  95:Core/Src/tim.c **** 
  96:Core/Src/tim.c ****   /* USER CODE END TIM1_Init 2 */
  97:Core/Src/tim.c ****   HAL_TIM_MspPostInit(&htim1);
  98:Core/Src/tim.c **** 
  99:Core/Src/tim.c **** }
 100:Core/Src/tim.c **** /* TIM2 init function */
 101:Core/Src/tim.c **** void MX_TIM2_Init(void)
 102:Core/Src/tim.c **** {
  27              		.loc 1 102 1 view -0
  28              		.cfi_startproc
  29              		@ args = 0, pretend = 0, frame = 24
  30              		@ frame_needed = 0, uses_anonymous_args = 0
  31 0000 00B5     		push	{lr}
  32              	.LCFI0:
  33              		.cfi_def_cfa_offset 4
  34              		.cfi_offset 14, -4
  35 0002 87B0     		sub	sp, sp, #28
  36              	.LCFI1:
  37              		.cfi_def_cfa_offset 32
 103:Core/Src/tim.c **** 
 104:Core/Src/tim.c ****   /* USER CODE BEGIN TIM2_Init 0 */
 105:Core/Src/tim.c **** 
 106:Core/Src/tim.c ****   /* USER CODE END TIM2_Init 0 */
 107:Core/Src/tim.c **** 
 108:Core/Src/tim.c ****   TIM_MasterConfigTypeDef sMasterConfig = {0};
  38              		.loc 1 108 3 view .LVU1
  39              		.loc 1 108 27 is_stmt 0 view .LVU2
  40 0004 0023     		movs	r3, #0
  41 0006 0493     		str	r3, [sp, #16]
  42 0008 0593     		str	r3, [sp, #20]
 109:Core/Src/tim.c ****   TIM_IC_InitTypeDef sConfigIC = {0};
  43              		.loc 1 109 3 is_stmt 1 view .LVU3
  44              		.loc 1 109 22 is_stmt 0 view .LVU4
  45 000a 0093     		str	r3, [sp]
  46 000c 0193     		str	r3, [sp, #4]
  47 000e 0293     		str	r3, [sp, #8]
  48 0010 0393     		str	r3, [sp, #12]
 110:Core/Src/tim.c **** 
 111:Core/Src/tim.c ****   /* USER CODE BEGIN TIM2_Init 1 */
 112:Core/Src/tim.c **** 
 113:Core/Src/tim.c ****   /* USER CODE END TIM2_Init 1 */
 114:Core/Src/tim.c ****   htim2.Instance = TIM2;
  49              		.loc 1 114 3 is_stmt 1 view .LVU5
  50              		.loc 1 114 18 is_stmt 0 view .LVU6
  51 0012 1648     		ldr	r0, .L9
  52 0014 4FF08042 		mov	r2, #1073741824
  53 0018 0260     		str	r2, [r0]
 115:Core/Src/tim.c ****   htim2.Init.Prescaler = 0;
  54              		.loc 1 115 3 is_stmt 1 view .LVU7
  55              		.loc 1 115 24 is_stmt 0 view .LVU8
  56 001a 4360     		str	r3, [r0, #4]
 116:Core/Src/tim.c ****   htim2.Init.CounterMode = TIM_COUNTERMODE_UP;
ARM GAS  C:\Users\Ahuratus\AppData\Local\Temp\cccCg4x6.s 			page 4


  57              		.loc 1 116 3 is_stmt 1 view .LVU9
  58              		.loc 1 116 26 is_stmt 0 view .LVU10
  59 001c 8360     		str	r3, [r0, #8]
 117:Core/Src/tim.c ****   htim2.Init.Period = 65535;
  60              		.loc 1 117 3 is_stmt 1 view .LVU11
  61              		.loc 1 117 21 is_stmt 0 view .LVU12
  62 001e 4FF6FF72 		movw	r2, #65535
  63 0022 C260     		str	r2, [r0, #12]
 118:Core/Src/tim.c ****   htim2.Init.ClockDivision = TIM_CLOCKDIVISION_DIV1;
  64              		.loc 1 118 3 is_stmt 1 view .LVU13
  65              		.loc 1 118 28 is_stmt 0 view .LVU14
  66 0024 0361     		str	r3, [r0, #16]
 119:Core/Src/tim.c ****   htim2.Init.AutoReloadPreload = TIM_AUTORELOAD_PRELOAD_DISABLE;
  67              		.loc 1 119 3 is_stmt 1 view .LVU15
  68              		.loc 1 119 32 is_stmt 0 view .LVU16
  69 0026 8361     		str	r3, [r0, #24]
 120:Core/Src/tim.c ****   if (HAL_TIM_IC_Init(&htim2) != HAL_OK)
  70              		.loc 1 120 3 is_stmt 1 view .LVU17
  71              		.loc 1 120 7 is_stmt 0 view .LVU18
  72 0028 FFF7FEFF 		bl	HAL_TIM_IC_Init
  73              	.LVL0:
  74              		.loc 1 120 6 view .LVU19
  75 002c A8B9     		cbnz	r0, .L6
  76              	.L2:
 121:Core/Src/tim.c ****   {
 122:Core/Src/tim.c ****     Error_Handler();
 123:Core/Src/tim.c ****   }
 124:Core/Src/tim.c ****   sMasterConfig.MasterOutputTrigger = TIM_TRGO_RESET;
  77              		.loc 1 124 3 is_stmt 1 view .LVU20
  78              		.loc 1 124 37 is_stmt 0 view .LVU21
  79 002e 0023     		movs	r3, #0
  80 0030 0493     		str	r3, [sp, #16]
 125:Core/Src/tim.c ****   sMasterConfig.MasterSlaveMode = TIM_MASTERSLAVEMODE_DISABLE;
  81              		.loc 1 125 3 is_stmt 1 view .LVU22
  82              		.loc 1 125 33 is_stmt 0 view .LVU23
  83 0032 0593     		str	r3, [sp, #20]
 126:Core/Src/tim.c ****   if (HAL_TIMEx_MasterConfigSynchronization(&htim2, &sMasterConfig) != HAL_OK)
  84              		.loc 1 126 3 is_stmt 1 view .LVU24
  85              		.loc 1 126 7 is_stmt 0 view .LVU25
  86 0034 04A9     		add	r1, sp, #16
  87 0036 0D48     		ldr	r0, .L9
  88 0038 FFF7FEFF 		bl	HAL_TIMEx_MasterConfigSynchronization
  89              	.LVL1:
  90              		.loc 1 126 6 view .LVU26
  91 003c 80B9     		cbnz	r0, .L7
  92              	.L3:
 127:Core/Src/tim.c ****   {
 128:Core/Src/tim.c ****     Error_Handler();
 129:Core/Src/tim.c ****   }
 130:Core/Src/tim.c ****   sConfigIC.ICPolarity = TIM_INPUTCHANNELPOLARITY_RISING;
  93              		.loc 1 130 3 is_stmt 1 view .LVU27
  94              		.loc 1 130 24 is_stmt 0 view .LVU28
  95 003e 0022     		movs	r2, #0
  96 0040 0092     		str	r2, [sp]
 131:Core/Src/tim.c ****   sConfigIC.ICSelection = TIM_ICSELECTION_DIRECTTI;
  97              		.loc 1 131 3 is_stmt 1 view .LVU29
  98              		.loc 1 131 25 is_stmt 0 view .LVU30
ARM GAS  C:\Users\Ahuratus\AppData\Local\Temp\cccCg4x6.s 			page 5


  99 0042 0123     		movs	r3, #1
 100 0044 0193     		str	r3, [sp, #4]
 132:Core/Src/tim.c ****   sConfigIC.ICPrescaler = TIM_ICPSC_DIV1;
 101              		.loc 1 132 3 is_stmt 1 view .LVU31
 102              		.loc 1 132 25 is_stmt 0 view .LVU32
 103 0046 0292     		str	r2, [sp, #8]
 133:Core/Src/tim.c ****   sConfigIC.ICFilter = 0;
 104              		.loc 1 133 3 is_stmt 1 view .LVU33
 105              		.loc 1 133 22 is_stmt 0 view .LVU34
 106 0048 0392     		str	r2, [sp, #12]
 134:Core/Src/tim.c ****   if (HAL_TIM_IC_ConfigChannel(&htim2, &sConfigIC, TIM_CHANNEL_1) != HAL_OK)
 107              		.loc 1 134 3 is_stmt 1 view .LVU35
 108              		.loc 1 134 7 is_stmt 0 view .LVU36
 109 004a 6946     		mov	r1, sp
 110 004c 0748     		ldr	r0, .L9
 111 004e FFF7FEFF 		bl	HAL_TIM_IC_ConfigChannel
 112              	.LVL2:
 113              		.loc 1 134 6 view .LVU37
 114 0052 40B9     		cbnz	r0, .L8
 115              	.L1:
 135:Core/Src/tim.c ****   {
 136:Core/Src/tim.c ****     Error_Handler();
 137:Core/Src/tim.c ****   }
 138:Core/Src/tim.c ****   /* USER CODE BEGIN TIM2_Init 2 */
 139:Core/Src/tim.c **** 
 140:Core/Src/tim.c ****   /* USER CODE END TIM2_Init 2 */
 141:Core/Src/tim.c **** 
 142:Core/Src/tim.c **** }
 116              		.loc 1 142 1 view .LVU38
 117 0054 07B0     		add	sp, sp, #28
 118              	.LCFI2:
 119              		.cfi_remember_state
 120              		.cfi_def_cfa_offset 4
 121              		@ sp needed
 122 0056 5DF804FB 		ldr	pc, [sp], #4
 123              	.L6:
 124              	.LCFI3:
 125              		.cfi_restore_state
 122:Core/Src/tim.c ****   }
 126              		.loc 1 122 5 is_stmt 1 view .LVU39
 127 005a FFF7FEFF 		bl	Error_Handler
 128              	.LVL3:
 129 005e E6E7     		b	.L2
 130              	.L7:
 128:Core/Src/tim.c ****   }
 131              		.loc 1 128 5 view .LVU40
 132 0060 FFF7FEFF 		bl	Error_Handler
 133              	.LVL4:
 134 0064 EBE7     		b	.L3
 135              	.L8:
 136:Core/Src/tim.c ****   }
 136              		.loc 1 136 5 view .LVU41
 137 0066 FFF7FEFF 		bl	Error_Handler
 138              	.LVL5:
 139              		.loc 1 142 1 is_stmt 0 view .LVU42
 140 006a F3E7     		b	.L1
 141              	.L10:
ARM GAS  C:\Users\Ahuratus\AppData\Local\Temp\cccCg4x6.s 			page 6


 142              		.align	2
 143              	.L9:
 144 006c 00000000 		.word	.LANCHOR0
 145              		.cfi_endproc
 146              	.LFE66:
 148              		.section	.text.HAL_TIM_Base_MspInit,"ax",%progbits
 149              		.align	1
 150              		.global	HAL_TIM_Base_MspInit
 151              		.syntax unified
 152              		.thumb
 153              		.thumb_func
 155              	HAL_TIM_Base_MspInit:
 156              	.LVL6:
 157              	.LFB67:
 143:Core/Src/tim.c **** 
 144:Core/Src/tim.c **** void HAL_TIM_Base_MspInit(TIM_HandleTypeDef* tim_baseHandle)
 145:Core/Src/tim.c **** {
 158              		.loc 1 145 1 is_stmt 1 view -0
 159              		.cfi_startproc
 160              		@ args = 0, pretend = 0, frame = 8
 161              		@ frame_needed = 0, uses_anonymous_args = 0
 162              		@ link register save eliminated.
 146:Core/Src/tim.c **** 
 147:Core/Src/tim.c ****   if(tim_baseHandle->Instance==TIM1)
 163              		.loc 1 147 3 view .LVU44
 164              		.loc 1 147 20 is_stmt 0 view .LVU45
 165 0000 0268     		ldr	r2, [r0]
 166              		.loc 1 147 5 view .LVU46
 167 0002 094B     		ldr	r3, .L18
 168 0004 9A42     		cmp	r2, r3
 169 0006 00D0     		beq	.L17
 170 0008 7047     		bx	lr
 171              	.L17:
 145:Core/Src/tim.c **** 
 172              		.loc 1 145 1 view .LVU47
 173 000a 82B0     		sub	sp, sp, #8
 174              	.LCFI4:
 175              		.cfi_def_cfa_offset 8
 148:Core/Src/tim.c ****   {
 149:Core/Src/tim.c ****   /* USER CODE BEGIN TIM1_MspInit 0 */
 150:Core/Src/tim.c **** 
 151:Core/Src/tim.c ****   /* USER CODE END TIM1_MspInit 0 */
 152:Core/Src/tim.c ****     /* TIM1 clock enable */
 153:Core/Src/tim.c ****     __HAL_RCC_TIM1_CLK_ENABLE();
 176              		.loc 1 153 5 is_stmt 1 view .LVU48
 177              	.LBB2:
 178              		.loc 1 153 5 view .LVU49
 179              		.loc 1 153 5 view .LVU50
 180 000c 03F56443 		add	r3, r3, #58368
 181 0010 9A69     		ldr	r2, [r3, #24]
 182 0012 42F40062 		orr	r2, r2, #2048
 183 0016 9A61     		str	r2, [r3, #24]
 184              		.loc 1 153 5 view .LVU51
 185 0018 9B69     		ldr	r3, [r3, #24]
 186 001a 03F40063 		and	r3, r3, #2048
 187 001e 0193     		str	r3, [sp, #4]
 188              		.loc 1 153 5 view .LVU52
ARM GAS  C:\Users\Ahuratus\AppData\Local\Temp\cccCg4x6.s 			page 7


 189 0020 019B     		ldr	r3, [sp, #4]
 190              	.LBE2:
 191              		.loc 1 153 5 view .LVU53
 154:Core/Src/tim.c ****   /* USER CODE BEGIN TIM1_MspInit 1 */
 155:Core/Src/tim.c **** 
 156:Core/Src/tim.c ****   /* USER CODE END TIM1_MspInit 1 */
 157:Core/Src/tim.c ****   }
 158:Core/Src/tim.c **** }
 192              		.loc 1 158 1 is_stmt 0 view .LVU54
 193 0022 02B0     		add	sp, sp, #8
 194              	.LCFI5:
 195              		.cfi_def_cfa_offset 0
 196              		@ sp needed
 197 0024 7047     		bx	lr
 198              	.L19:
 199 0026 00BF     		.align	2
 200              	.L18:
 201 0028 002C0140 		.word	1073818624
 202              		.cfi_endproc
 203              	.LFE67:
 205              		.section	.text.HAL_TIM_IC_MspInit,"ax",%progbits
 206              		.align	1
 207              		.global	HAL_TIM_IC_MspInit
 208              		.syntax unified
 209              		.thumb
 210              		.thumb_func
 212              	HAL_TIM_IC_MspInit:
 213              	.LVL7:
 214              	.LFB68:
 159:Core/Src/tim.c **** 
 160:Core/Src/tim.c **** void HAL_TIM_IC_MspInit(TIM_HandleTypeDef* tim_icHandle)
 161:Core/Src/tim.c **** {
 215              		.loc 1 161 1 is_stmt 1 view -0
 216              		.cfi_startproc
 217              		@ args = 0, pretend = 0, frame = 24
 218              		@ frame_needed = 0, uses_anonymous_args = 0
 219              		.loc 1 161 1 is_stmt 0 view .LVU56
 220 0000 00B5     		push	{lr}
 221              	.LCFI6:
 222              		.cfi_def_cfa_offset 4
 223              		.cfi_offset 14, -4
 224 0002 87B0     		sub	sp, sp, #28
 225              	.LCFI7:
 226              		.cfi_def_cfa_offset 32
 162:Core/Src/tim.c **** 
 163:Core/Src/tim.c ****   GPIO_InitTypeDef GPIO_InitStruct = {0};
 227              		.loc 1 163 3 is_stmt 1 view .LVU57
 228              		.loc 1 163 20 is_stmt 0 view .LVU58
 229 0004 0023     		movs	r3, #0
 230 0006 0293     		str	r3, [sp, #8]
 231 0008 0393     		str	r3, [sp, #12]
 232 000a 0493     		str	r3, [sp, #16]
 233 000c 0593     		str	r3, [sp, #20]
 164:Core/Src/tim.c ****   if(tim_icHandle->Instance==TIM2)
 234              		.loc 1 164 3 is_stmt 1 view .LVU59
 235              		.loc 1 164 18 is_stmt 0 view .LVU60
 236 000e 0368     		ldr	r3, [r0]
ARM GAS  C:\Users\Ahuratus\AppData\Local\Temp\cccCg4x6.s 			page 8


 237              		.loc 1 164 5 view .LVU61
 238 0010 B3F1804F 		cmp	r3, #1073741824
 239 0014 02D0     		beq	.L23
 240              	.LVL8:
 241              	.L20:
 165:Core/Src/tim.c ****   {
 166:Core/Src/tim.c ****   /* USER CODE BEGIN TIM2_MspInit 0 */
 167:Core/Src/tim.c **** 
 168:Core/Src/tim.c ****   /* USER CODE END TIM2_MspInit 0 */
 169:Core/Src/tim.c ****     /* TIM2 clock enable */
 170:Core/Src/tim.c ****     __HAL_RCC_TIM2_CLK_ENABLE();
 171:Core/Src/tim.c **** 
 172:Core/Src/tim.c ****     __HAL_RCC_GPIOA_CLK_ENABLE();
 173:Core/Src/tim.c ****     /**TIM2 GPIO Configuration
 174:Core/Src/tim.c ****     PA0-WKUP     ------> TIM2_CH1
 175:Core/Src/tim.c ****     */
 176:Core/Src/tim.c ****     GPIO_InitStruct.Pin = INPUT_SIGNAL_Pin;
 177:Core/Src/tim.c ****     GPIO_InitStruct.Mode = GPIO_MODE_INPUT;
 178:Core/Src/tim.c ****     GPIO_InitStruct.Pull = GPIO_NOPULL;
 179:Core/Src/tim.c ****     HAL_GPIO_Init(INPUT_SIGNAL_GPIO_Port, &GPIO_InitStruct);
 180:Core/Src/tim.c **** 
 181:Core/Src/tim.c ****   /* USER CODE BEGIN TIM2_MspInit 1 */
 182:Core/Src/tim.c **** 
 183:Core/Src/tim.c ****   /* USER CODE END TIM2_MspInit 1 */
 184:Core/Src/tim.c ****   }
 185:Core/Src/tim.c **** }
 242              		.loc 1 185 1 view .LVU62
 243 0016 07B0     		add	sp, sp, #28
 244              	.LCFI8:
 245              		.cfi_remember_state
 246              		.cfi_def_cfa_offset 4
 247              		@ sp needed
 248 0018 5DF804FB 		ldr	pc, [sp], #4
 249              	.LVL9:
 250              	.L23:
 251              	.LCFI9:
 252              		.cfi_restore_state
 170:Core/Src/tim.c **** 
 253              		.loc 1 170 5 is_stmt 1 view .LVU63
 254              	.LBB3:
 170:Core/Src/tim.c **** 
 255              		.loc 1 170 5 view .LVU64
 170:Core/Src/tim.c **** 
 256              		.loc 1 170 5 view .LVU65
 257 001c 03F50433 		add	r3, r3, #135168
 258 0020 DA69     		ldr	r2, [r3, #28]
 259 0022 42F00102 		orr	r2, r2, #1
 260 0026 DA61     		str	r2, [r3, #28]
 170:Core/Src/tim.c **** 
 261              		.loc 1 170 5 view .LVU66
 262 0028 DA69     		ldr	r2, [r3, #28]
 263 002a 02F00102 		and	r2, r2, #1
 264 002e 0092     		str	r2, [sp]
 170:Core/Src/tim.c **** 
 265              		.loc 1 170 5 view .LVU67
 266 0030 009A     		ldr	r2, [sp]
 267              	.LBE3:
ARM GAS  C:\Users\Ahuratus\AppData\Local\Temp\cccCg4x6.s 			page 9


 170:Core/Src/tim.c **** 
 268              		.loc 1 170 5 view .LVU68
 172:Core/Src/tim.c ****     /**TIM2 GPIO Configuration
 269              		.loc 1 172 5 view .LVU69
 270              	.LBB4:
 172:Core/Src/tim.c ****     /**TIM2 GPIO Configuration
 271              		.loc 1 172 5 view .LVU70
 172:Core/Src/tim.c ****     /**TIM2 GPIO Configuration
 272              		.loc 1 172 5 view .LVU71
 273 0032 9A69     		ldr	r2, [r3, #24]
 274 0034 42F00402 		orr	r2, r2, #4
 275 0038 9A61     		str	r2, [r3, #24]
 172:Core/Src/tim.c ****     /**TIM2 GPIO Configuration
 276              		.loc 1 172 5 view .LVU72
 277 003a 9B69     		ldr	r3, [r3, #24]
 278 003c 03F00403 		and	r3, r3, #4
 279 0040 0193     		str	r3, [sp, #4]
 172:Core/Src/tim.c ****     /**TIM2 GPIO Configuration
 280              		.loc 1 172 5 view .LVU73
 281 0042 019B     		ldr	r3, [sp, #4]
 282              	.LBE4:
 172:Core/Src/tim.c ****     /**TIM2 GPIO Configuration
 283              		.loc 1 172 5 view .LVU74
 176:Core/Src/tim.c ****     GPIO_InitStruct.Mode = GPIO_MODE_INPUT;
 284              		.loc 1 176 5 view .LVU75
 176:Core/Src/tim.c ****     GPIO_InitStruct.Mode = GPIO_MODE_INPUT;
 285              		.loc 1 176 25 is_stmt 0 view .LVU76
 286 0044 0123     		movs	r3, #1
 287 0046 0293     		str	r3, [sp, #8]
 177:Core/Src/tim.c ****     GPIO_InitStruct.Pull = GPIO_NOPULL;
 288              		.loc 1 177 5 is_stmt 1 view .LVU77
 178:Core/Src/tim.c ****     HAL_GPIO_Init(INPUT_SIGNAL_GPIO_Port, &GPIO_InitStruct);
 289              		.loc 1 178 5 view .LVU78
 179:Core/Src/tim.c **** 
 290              		.loc 1 179 5 view .LVU79
 291 0048 02A9     		add	r1, sp, #8
 292 004a 0248     		ldr	r0, .L24
 293              	.LVL10:
 179:Core/Src/tim.c **** 
 294              		.loc 1 179 5 is_stmt 0 view .LVU80
 295 004c FFF7FEFF 		bl	HAL_GPIO_Init
 296              	.LVL11:
 297              		.loc 1 185 1 view .LVU81
 298 0050 E1E7     		b	.L20
 299              	.L25:
 300 0052 00BF     		.align	2
 301              	.L24:
 302 0054 00080140 		.word	1073809408
 303              		.cfi_endproc
 304              	.LFE68:
 306              		.section	.text.HAL_TIM_MspPostInit,"ax",%progbits
 307              		.align	1
 308              		.global	HAL_TIM_MspPostInit
 309              		.syntax unified
 310              		.thumb
 311              		.thumb_func
 313              	HAL_TIM_MspPostInit:
ARM GAS  C:\Users\Ahuratus\AppData\Local\Temp\cccCg4x6.s 			page 10


 314              	.LVL12:
 315              	.LFB69:
 186:Core/Src/tim.c **** void HAL_TIM_MspPostInit(TIM_HandleTypeDef* timHandle)
 187:Core/Src/tim.c **** {
 316              		.loc 1 187 1 is_stmt 1 view -0
 317              		.cfi_startproc
 318              		@ args = 0, pretend = 0, frame = 24
 319              		@ frame_needed = 0, uses_anonymous_args = 0
 320              		.loc 1 187 1 is_stmt 0 view .LVU83
 321 0000 00B5     		push	{lr}
 322              	.LCFI10:
 323              		.cfi_def_cfa_offset 4
 324              		.cfi_offset 14, -4
 325 0002 87B0     		sub	sp, sp, #28
 326              	.LCFI11:
 327              		.cfi_def_cfa_offset 32
 188:Core/Src/tim.c **** 
 189:Core/Src/tim.c ****   GPIO_InitTypeDef GPIO_InitStruct = {0};
 328              		.loc 1 189 3 is_stmt 1 view .LVU84
 329              		.loc 1 189 20 is_stmt 0 view .LVU85
 330 0004 0023     		movs	r3, #0
 331 0006 0293     		str	r3, [sp, #8]
 332 0008 0393     		str	r3, [sp, #12]
 333 000a 0493     		str	r3, [sp, #16]
 334 000c 0593     		str	r3, [sp, #20]
 190:Core/Src/tim.c ****   if(timHandle->Instance==TIM1)
 335              		.loc 1 190 3 is_stmt 1 view .LVU86
 336              		.loc 1 190 15 is_stmt 0 view .LVU87
 337 000e 0268     		ldr	r2, [r0]
 338              		.loc 1 190 5 view .LVU88
 339 0010 0D4B     		ldr	r3, .L30
 340 0012 9A42     		cmp	r2, r3
 341 0014 02D0     		beq	.L29
 342              	.LVL13:
 343              	.L26:
 191:Core/Src/tim.c ****   {
 192:Core/Src/tim.c ****   /* USER CODE BEGIN TIM1_MspPostInit 0 */
 193:Core/Src/tim.c **** 
 194:Core/Src/tim.c ****   /* USER CODE END TIM1_MspPostInit 0 */
 195:Core/Src/tim.c **** 
 196:Core/Src/tim.c ****     __HAL_RCC_GPIOA_CLK_ENABLE();
 197:Core/Src/tim.c ****     /**TIM1 GPIO Configuration
 198:Core/Src/tim.c ****     PA8     ------> TIM1_CH1
 199:Core/Src/tim.c ****     */
 200:Core/Src/tim.c ****     GPIO_InitStruct.Pin = PWM_Pin;
 201:Core/Src/tim.c ****     GPIO_InitStruct.Mode = GPIO_MODE_AF_PP;
 202:Core/Src/tim.c ****     GPIO_InitStruct.Speed = GPIO_SPEED_FREQ_LOW;
 203:Core/Src/tim.c ****     HAL_GPIO_Init(PWM_GPIO_Port, &GPIO_InitStruct);
 204:Core/Src/tim.c **** 
 205:Core/Src/tim.c ****   /* USER CODE BEGIN TIM1_MspPostInit 1 */
 206:Core/Src/tim.c **** 
 207:Core/Src/tim.c ****   /* USER CODE END TIM1_MspPostInit 1 */
 208:Core/Src/tim.c ****   }
 209:Core/Src/tim.c **** 
 210:Core/Src/tim.c **** }
 344              		.loc 1 210 1 view .LVU89
 345 0016 07B0     		add	sp, sp, #28
ARM GAS  C:\Users\Ahuratus\AppData\Local\Temp\cccCg4x6.s 			page 11


 346              	.LCFI12:
 347              		.cfi_remember_state
 348              		.cfi_def_cfa_offset 4
 349              		@ sp needed
 350 0018 5DF804FB 		ldr	pc, [sp], #4
 351              	.LVL14:
 352              	.L29:
 353              	.LCFI13:
 354              		.cfi_restore_state
 196:Core/Src/tim.c ****     /**TIM1 GPIO Configuration
 355              		.loc 1 196 5 is_stmt 1 view .LVU90
 356              	.LBB5:
 196:Core/Src/tim.c ****     /**TIM1 GPIO Configuration
 357              		.loc 1 196 5 view .LVU91
 196:Core/Src/tim.c ****     /**TIM1 GPIO Configuration
 358              		.loc 1 196 5 view .LVU92
 359 001c 03F56443 		add	r3, r3, #58368
 360 0020 9A69     		ldr	r2, [r3, #24]
 361 0022 42F00402 		orr	r2, r2, #4
 362 0026 9A61     		str	r2, [r3, #24]
 196:Core/Src/tim.c ****     /**TIM1 GPIO Configuration
 363              		.loc 1 196 5 view .LVU93
 364 0028 9B69     		ldr	r3, [r3, #24]
 365 002a 03F00403 		and	r3, r3, #4
 366 002e 0193     		str	r3, [sp, #4]
 196:Core/Src/tim.c ****     /**TIM1 GPIO Configuration
 367              		.loc 1 196 5 view .LVU94
 368 0030 019B     		ldr	r3, [sp, #4]
 369              	.LBE5:
 196:Core/Src/tim.c ****     /**TIM1 GPIO Configuration
 370              		.loc 1 196 5 view .LVU95
 200:Core/Src/tim.c ****     GPIO_InitStruct.Mode = GPIO_MODE_AF_PP;
 371              		.loc 1 200 5 view .LVU96
 200:Core/Src/tim.c ****     GPIO_InitStruct.Mode = GPIO_MODE_AF_PP;
 372              		.loc 1 200 25 is_stmt 0 view .LVU97
 373 0032 4FF48073 		mov	r3, #256
 374 0036 0293     		str	r3, [sp, #8]
 201:Core/Src/tim.c ****     GPIO_InitStruct.Speed = GPIO_SPEED_FREQ_LOW;
 375              		.loc 1 201 5 is_stmt 1 view .LVU98
 201:Core/Src/tim.c ****     GPIO_InitStruct.Speed = GPIO_SPEED_FREQ_LOW;
 376              		.loc 1 201 26 is_stmt 0 view .LVU99
 377 0038 0223     		movs	r3, #2
 378 003a 0393     		str	r3, [sp, #12]
 202:Core/Src/tim.c ****     HAL_GPIO_Init(PWM_GPIO_Port, &GPIO_InitStruct);
 379              		.loc 1 202 5 is_stmt 1 view .LVU100
 202:Core/Src/tim.c ****     HAL_GPIO_Init(PWM_GPIO_Port, &GPIO_InitStruct);
 380              		.loc 1 202 27 is_stmt 0 view .LVU101
 381 003c 0593     		str	r3, [sp, #20]
 203:Core/Src/tim.c **** 
 382              		.loc 1 203 5 is_stmt 1 view .LVU102
 383 003e 02A9     		add	r1, sp, #8
 384 0040 0248     		ldr	r0, .L30+4
 385              	.LVL15:
 203:Core/Src/tim.c **** 
 386              		.loc 1 203 5 is_stmt 0 view .LVU103
 387 0042 FFF7FEFF 		bl	HAL_GPIO_Init
 388              	.LVL16:
ARM GAS  C:\Users\Ahuratus\AppData\Local\Temp\cccCg4x6.s 			page 12


 389              		.loc 1 210 1 view .LVU104
 390 0046 E6E7     		b	.L26
 391              	.L31:
 392              		.align	2
 393              	.L30:
 394 0048 002C0140 		.word	1073818624
 395 004c 00080140 		.word	1073809408
 396              		.cfi_endproc
 397              	.LFE69:
 399              		.section	.text.MX_TIM1_Init,"ax",%progbits
 400              		.align	1
 401              		.global	MX_TIM1_Init
 402              		.syntax unified
 403              		.thumb
 404              		.thumb_func
 406              	MX_TIM1_Init:
 407              	.LFB65:
  32:Core/Src/tim.c **** 
 408              		.loc 1 32 1 is_stmt 1 view -0
 409              		.cfi_startproc
 410              		@ args = 0, pretend = 0, frame = 88
 411              		@ frame_needed = 0, uses_anonymous_args = 0
 412 0000 10B5     		push	{r4, lr}
 413              	.LCFI14:
 414              		.cfi_def_cfa_offset 8
 415              		.cfi_offset 4, -8
 416              		.cfi_offset 14, -4
 417 0002 96B0     		sub	sp, sp, #88
 418              	.LCFI15:
 419              		.cfi_def_cfa_offset 96
  38:Core/Src/tim.c ****   TIM_MasterConfigTypeDef sMasterConfig = {0};
 420              		.loc 1 38 3 view .LVU106
  38:Core/Src/tim.c ****   TIM_MasterConfigTypeDef sMasterConfig = {0};
 421              		.loc 1 38 26 is_stmt 0 view .LVU107
 422 0004 0024     		movs	r4, #0
 423 0006 1294     		str	r4, [sp, #72]
 424 0008 1394     		str	r4, [sp, #76]
 425 000a 1494     		str	r4, [sp, #80]
 426 000c 1594     		str	r4, [sp, #84]
  39:Core/Src/tim.c ****   TIM_OC_InitTypeDef sConfigOC = {0};
 427              		.loc 1 39 3 is_stmt 1 view .LVU108
  39:Core/Src/tim.c ****   TIM_OC_InitTypeDef sConfigOC = {0};
 428              		.loc 1 39 27 is_stmt 0 view .LVU109
 429 000e 1094     		str	r4, [sp, #64]
 430 0010 1194     		str	r4, [sp, #68]
  40:Core/Src/tim.c ****   TIM_BreakDeadTimeConfigTypeDef sBreakDeadTimeConfig = {0};
 431              		.loc 1 40 3 is_stmt 1 view .LVU110
  40:Core/Src/tim.c ****   TIM_BreakDeadTimeConfigTypeDef sBreakDeadTimeConfig = {0};
 432              		.loc 1 40 22 is_stmt 0 view .LVU111
 433 0012 0994     		str	r4, [sp, #36]
 434 0014 0A94     		str	r4, [sp, #40]
 435 0016 0B94     		str	r4, [sp, #44]
 436 0018 0C94     		str	r4, [sp, #48]
 437 001a 0D94     		str	r4, [sp, #52]
 438 001c 0E94     		str	r4, [sp, #56]
 439 001e 0F94     		str	r4, [sp, #60]
  41:Core/Src/tim.c **** 
ARM GAS  C:\Users\Ahuratus\AppData\Local\Temp\cccCg4x6.s 			page 13


 440              		.loc 1 41 3 is_stmt 1 view .LVU112
  41:Core/Src/tim.c **** 
 441              		.loc 1 41 34 is_stmt 0 view .LVU113
 442 0020 2022     		movs	r2, #32
 443 0022 2146     		mov	r1, r4
 444 0024 01A8     		add	r0, sp, #4
 445 0026 FFF7FEFF 		bl	memset
 446              	.LVL17:
  46:Core/Src/tim.c ****   htim1.Init.Prescaler = 0;
 447              		.loc 1 46 3 is_stmt 1 view .LVU114
  46:Core/Src/tim.c ****   htim1.Init.Prescaler = 0;
 448              		.loc 1 46 18 is_stmt 0 view .LVU115
 449 002a 2C48     		ldr	r0, .L46
 450 002c 2C4B     		ldr	r3, .L46+4
 451 002e 0360     		str	r3, [r0]
  47:Core/Src/tim.c ****   htim1.Init.CounterMode = TIM_COUNTERMODE_UP;
 452              		.loc 1 47 3 is_stmt 1 view .LVU116
  47:Core/Src/tim.c ****   htim1.Init.CounterMode = TIM_COUNTERMODE_UP;
 453              		.loc 1 47 24 is_stmt 0 view .LVU117
 454 0030 4460     		str	r4, [r0, #4]
  48:Core/Src/tim.c ****   htim1.Init.Period = 65535;
 455              		.loc 1 48 3 is_stmt 1 view .LVU118
  48:Core/Src/tim.c ****   htim1.Init.Period = 65535;
 456              		.loc 1 48 26 is_stmt 0 view .LVU119
 457 0032 8460     		str	r4, [r0, #8]
  49:Core/Src/tim.c ****   htim1.Init.ClockDivision = TIM_CLOCKDIVISION_DIV1;
 458              		.loc 1 49 3 is_stmt 1 view .LVU120
  49:Core/Src/tim.c ****   htim1.Init.ClockDivision = TIM_CLOCKDIVISION_DIV1;
 459              		.loc 1 49 21 is_stmt 0 view .LVU121
 460 0034 4FF6FF73 		movw	r3, #65535
 461 0038 C360     		str	r3, [r0, #12]
  50:Core/Src/tim.c ****   htim1.Init.RepetitionCounter = 0;
 462              		.loc 1 50 3 is_stmt 1 view .LVU122
  50:Core/Src/tim.c ****   htim1.Init.RepetitionCounter = 0;
 463              		.loc 1 50 28 is_stmt 0 view .LVU123
 464 003a 0461     		str	r4, [r0, #16]
  51:Core/Src/tim.c ****   htim1.Init.AutoReloadPreload = TIM_AUTORELOAD_PRELOAD_DISABLE;
 465              		.loc 1 51 3 is_stmt 1 view .LVU124
  51:Core/Src/tim.c ****   htim1.Init.AutoReloadPreload = TIM_AUTORELOAD_PRELOAD_DISABLE;
 466              		.loc 1 51 32 is_stmt 0 view .LVU125
 467 003c 4461     		str	r4, [r0, #20]
  52:Core/Src/tim.c ****   if (HAL_TIM_Base_Init(&htim1) != HAL_OK)
 468              		.loc 1 52 3 is_stmt 1 view .LVU126
  52:Core/Src/tim.c ****   if (HAL_TIM_Base_Init(&htim1) != HAL_OK)
 469              		.loc 1 52 32 is_stmt 0 view .LVU127
 470 003e 8461     		str	r4, [r0, #24]
  53:Core/Src/tim.c ****   {
 471              		.loc 1 53 3 is_stmt 1 view .LVU128
  53:Core/Src/tim.c ****   {
 472              		.loc 1 53 7 is_stmt 0 view .LVU129
 473 0040 FFF7FEFF 		bl	HAL_TIM_Base_Init
 474              	.LVL18:
  53:Core/Src/tim.c ****   {
 475              		.loc 1 53 6 view .LVU130
 476 0044 0028     		cmp	r0, #0
 477 0046 37D1     		bne	.L40
 478              	.L33:
ARM GAS  C:\Users\Ahuratus\AppData\Local\Temp\cccCg4x6.s 			page 14


  57:Core/Src/tim.c ****   if (HAL_TIM_ConfigClockSource(&htim1, &sClockSourceConfig) != HAL_OK)
 479              		.loc 1 57 3 is_stmt 1 view .LVU131
  57:Core/Src/tim.c ****   if (HAL_TIM_ConfigClockSource(&htim1, &sClockSourceConfig) != HAL_OK)
 480              		.loc 1 57 34 is_stmt 0 view .LVU132
 481 0048 4FF48053 		mov	r3, #4096
 482 004c 1293     		str	r3, [sp, #72]
  58:Core/Src/tim.c ****   {
 483              		.loc 1 58 3 is_stmt 1 view .LVU133
  58:Core/Src/tim.c ****   {
 484              		.loc 1 58 7 is_stmt 0 view .LVU134
 485 004e 12A9     		add	r1, sp, #72
 486 0050 2248     		ldr	r0, .L46
 487 0052 FFF7FEFF 		bl	HAL_TIM_ConfigClockSource
 488              	.LVL19:
  58:Core/Src/tim.c ****   {
 489              		.loc 1 58 6 view .LVU135
 490 0056 0028     		cmp	r0, #0
 491 0058 31D1     		bne	.L41
 492              	.L34:
  62:Core/Src/tim.c ****   {
 493              		.loc 1 62 3 is_stmt 1 view .LVU136
  62:Core/Src/tim.c ****   {
 494              		.loc 1 62 7 is_stmt 0 view .LVU137
 495 005a 2048     		ldr	r0, .L46
 496 005c FFF7FEFF 		bl	HAL_TIM_PWM_Init
 497              	.LVL20:
  62:Core/Src/tim.c ****   {
 498              		.loc 1 62 6 view .LVU138
 499 0060 0028     		cmp	r0, #0
 500 0062 2FD1     		bne	.L42
 501              	.L35:
  66:Core/Src/tim.c ****   sMasterConfig.MasterSlaveMode = TIM_MASTERSLAVEMODE_DISABLE;
 502              		.loc 1 66 3 is_stmt 1 view .LVU139
  66:Core/Src/tim.c ****   sMasterConfig.MasterSlaveMode = TIM_MASTERSLAVEMODE_DISABLE;
 503              		.loc 1 66 37 is_stmt 0 view .LVU140
 504 0064 0023     		movs	r3, #0
 505 0066 1093     		str	r3, [sp, #64]
  67:Core/Src/tim.c ****   if (HAL_TIMEx_MasterConfigSynchronization(&htim1, &sMasterConfig) != HAL_OK)
 506              		.loc 1 67 3 is_stmt 1 view .LVU141
  67:Core/Src/tim.c ****   if (HAL_TIMEx_MasterConfigSynchronization(&htim1, &sMasterConfig) != HAL_OK)
 507              		.loc 1 67 33 is_stmt 0 view .LVU142
 508 0068 1193     		str	r3, [sp, #68]
  68:Core/Src/tim.c ****   {
 509              		.loc 1 68 3 is_stmt 1 view .LVU143
  68:Core/Src/tim.c ****   {
 510              		.loc 1 68 7 is_stmt 0 view .LVU144
 511 006a 10A9     		add	r1, sp, #64
 512 006c 1B48     		ldr	r0, .L46
 513 006e FFF7FEFF 		bl	HAL_TIMEx_MasterConfigSynchronization
 514              	.LVL21:
  68:Core/Src/tim.c ****   {
 515              		.loc 1 68 6 view .LVU145
 516 0072 50BB     		cbnz	r0, .L43
 517              	.L36:
  72:Core/Src/tim.c ****   sConfigOC.Pulse = 0;
 518              		.loc 1 72 3 is_stmt 1 view .LVU146
  72:Core/Src/tim.c ****   sConfigOC.Pulse = 0;
ARM GAS  C:\Users\Ahuratus\AppData\Local\Temp\cccCg4x6.s 			page 15


 519              		.loc 1 72 20 is_stmt 0 view .LVU147
 520 0074 6023     		movs	r3, #96
 521 0076 0993     		str	r3, [sp, #36]
  73:Core/Src/tim.c ****   sConfigOC.OCPolarity = TIM_OCPOLARITY_HIGH;
 522              		.loc 1 73 3 is_stmt 1 view .LVU148
  73:Core/Src/tim.c ****   sConfigOC.OCPolarity = TIM_OCPOLARITY_HIGH;
 523              		.loc 1 73 19 is_stmt 0 view .LVU149
 524 0078 0022     		movs	r2, #0
 525 007a 0A92     		str	r2, [sp, #40]
  74:Core/Src/tim.c ****   sConfigOC.OCNPolarity = TIM_OCNPOLARITY_HIGH;
 526              		.loc 1 74 3 is_stmt 1 view .LVU150
  74:Core/Src/tim.c ****   sConfigOC.OCNPolarity = TIM_OCNPOLARITY_HIGH;
 527              		.loc 1 74 24 is_stmt 0 view .LVU151
 528 007c 0B92     		str	r2, [sp, #44]
  75:Core/Src/tim.c ****   sConfigOC.OCFastMode = TIM_OCFAST_DISABLE;
 529              		.loc 1 75 3 is_stmt 1 view .LVU152
  75:Core/Src/tim.c ****   sConfigOC.OCFastMode = TIM_OCFAST_DISABLE;
 530              		.loc 1 75 25 is_stmt 0 view .LVU153
 531 007e 0C92     		str	r2, [sp, #48]
  76:Core/Src/tim.c ****   sConfigOC.OCIdleState = TIM_OCIDLESTATE_RESET;
 532              		.loc 1 76 3 is_stmt 1 view .LVU154
  76:Core/Src/tim.c ****   sConfigOC.OCIdleState = TIM_OCIDLESTATE_RESET;
 533              		.loc 1 76 24 is_stmt 0 view .LVU155
 534 0080 0D92     		str	r2, [sp, #52]
  77:Core/Src/tim.c ****   sConfigOC.OCNIdleState = TIM_OCNIDLESTATE_RESET;
 535              		.loc 1 77 3 is_stmt 1 view .LVU156
  77:Core/Src/tim.c ****   sConfigOC.OCNIdleState = TIM_OCNIDLESTATE_RESET;
 536              		.loc 1 77 25 is_stmt 0 view .LVU157
 537 0082 0E92     		str	r2, [sp, #56]
  78:Core/Src/tim.c ****   if (HAL_TIM_PWM_ConfigChannel(&htim1, &sConfigOC, TIM_CHANNEL_1) != HAL_OK)
 538              		.loc 1 78 3 is_stmt 1 view .LVU158
  78:Core/Src/tim.c ****   if (HAL_TIM_PWM_ConfigChannel(&htim1, &sConfigOC, TIM_CHANNEL_1) != HAL_OK)
 539              		.loc 1 78 26 is_stmt 0 view .LVU159
 540 0084 0F92     		str	r2, [sp, #60]
  79:Core/Src/tim.c ****   {
 541              		.loc 1 79 3 is_stmt 1 view .LVU160
  79:Core/Src/tim.c ****   {
 542              		.loc 1 79 7 is_stmt 0 view .LVU161
 543 0086 09A9     		add	r1, sp, #36
 544 0088 1448     		ldr	r0, .L46
 545 008a FFF7FEFF 		bl	HAL_TIM_PWM_ConfigChannel
 546              	.LVL22:
  79:Core/Src/tim.c ****   {
 547              		.loc 1 79 6 view .LVU162
 548 008e F8B9     		cbnz	r0, .L44
 549              	.L37:
  83:Core/Src/tim.c ****   sBreakDeadTimeConfig.OffStateIDLEMode = TIM_OSSI_DISABLE;
 550              		.loc 1 83 3 is_stmt 1 view .LVU163
  83:Core/Src/tim.c ****   sBreakDeadTimeConfig.OffStateIDLEMode = TIM_OSSI_DISABLE;
 551              		.loc 1 83 40 is_stmt 0 view .LVU164
 552 0090 0023     		movs	r3, #0
 553 0092 0193     		str	r3, [sp, #4]
  84:Core/Src/tim.c ****   sBreakDeadTimeConfig.LockLevel = TIM_LOCKLEVEL_OFF;
 554              		.loc 1 84 3 is_stmt 1 view .LVU165
  84:Core/Src/tim.c ****   sBreakDeadTimeConfig.LockLevel = TIM_LOCKLEVEL_OFF;
 555              		.loc 1 84 41 is_stmt 0 view .LVU166
 556 0094 0293     		str	r3, [sp, #8]
ARM GAS  C:\Users\Ahuratus\AppData\Local\Temp\cccCg4x6.s 			page 16


  85:Core/Src/tim.c ****   sBreakDeadTimeConfig.DeadTime = 0;
 557              		.loc 1 85 3 is_stmt 1 view .LVU167
  85:Core/Src/tim.c ****   sBreakDeadTimeConfig.DeadTime = 0;
 558              		.loc 1 85 34 is_stmt 0 view .LVU168
 559 0096 0393     		str	r3, [sp, #12]
  86:Core/Src/tim.c ****   sBreakDeadTimeConfig.BreakState = TIM_BREAK_DISABLE;
 560              		.loc 1 86 3 is_stmt 1 view .LVU169
  86:Core/Src/tim.c ****   sBreakDeadTimeConfig.BreakState = TIM_BREAK_DISABLE;
 561              		.loc 1 86 33 is_stmt 0 view .LVU170
 562 0098 0493     		str	r3, [sp, #16]
  87:Core/Src/tim.c ****   sBreakDeadTimeConfig.BreakPolarity = TIM_BREAKPOLARITY_HIGH;
 563              		.loc 1 87 3 is_stmt 1 view .LVU171
  87:Core/Src/tim.c ****   sBreakDeadTimeConfig.BreakPolarity = TIM_BREAKPOLARITY_HIGH;
 564              		.loc 1 87 35 is_stmt 0 view .LVU172
 565 009a 0593     		str	r3, [sp, #20]
  88:Core/Src/tim.c ****   sBreakDeadTimeConfig.AutomaticOutput = TIM_AUTOMATICOUTPUT_DISABLE;
 566              		.loc 1 88 3 is_stmt 1 view .LVU173
  88:Core/Src/tim.c ****   sBreakDeadTimeConfig.AutomaticOutput = TIM_AUTOMATICOUTPUT_DISABLE;
 567              		.loc 1 88 38 is_stmt 0 view .LVU174
 568 009c 4FF40052 		mov	r2, #8192
 569 00a0 0692     		str	r2, [sp, #24]
  89:Core/Src/tim.c ****   if (HAL_TIMEx_ConfigBreakDeadTime(&htim1, &sBreakDeadTimeConfig) != HAL_OK)
 570              		.loc 1 89 3 is_stmt 1 view .LVU175
  89:Core/Src/tim.c ****   if (HAL_TIMEx_ConfigBreakDeadTime(&htim1, &sBreakDeadTimeConfig) != HAL_OK)
 571              		.loc 1 89 40 is_stmt 0 view .LVU176
 572 00a2 0893     		str	r3, [sp, #32]
  90:Core/Src/tim.c ****   {
 573              		.loc 1 90 3 is_stmt 1 view .LVU177
  90:Core/Src/tim.c ****   {
 574              		.loc 1 90 7 is_stmt 0 view .LVU178
 575 00a4 01A9     		add	r1, sp, #4
 576 00a6 0D48     		ldr	r0, .L46
 577 00a8 FFF7FEFF 		bl	HAL_TIMEx_ConfigBreakDeadTime
 578              	.LVL23:
  90:Core/Src/tim.c ****   {
 579              		.loc 1 90 6 view .LVU179
 580 00ac 98B9     		cbnz	r0, .L45
 581              	.L38:
  97:Core/Src/tim.c **** 
 582              		.loc 1 97 3 is_stmt 1 view .LVU180
 583 00ae 0B48     		ldr	r0, .L46
 584 00b0 FFF7FEFF 		bl	HAL_TIM_MspPostInit
 585              	.LVL24:
  99:Core/Src/tim.c **** /* TIM2 init function */
 586              		.loc 1 99 1 is_stmt 0 view .LVU181
 587 00b4 16B0     		add	sp, sp, #88
 588              	.LCFI16:
 589              		.cfi_remember_state
 590              		.cfi_def_cfa_offset 8
 591              		@ sp needed
 592 00b6 10BD     		pop	{r4, pc}
 593              	.L40:
 594              	.LCFI17:
 595              		.cfi_restore_state
  55:Core/Src/tim.c ****   }
 596              		.loc 1 55 5 is_stmt 1 view .LVU182
 597 00b8 FFF7FEFF 		bl	Error_Handler
ARM GAS  C:\Users\Ahuratus\AppData\Local\Temp\cccCg4x6.s 			page 17


 598              	.LVL25:
 599 00bc C4E7     		b	.L33
 600              	.L41:
  60:Core/Src/tim.c ****   }
 601              		.loc 1 60 5 view .LVU183
 602 00be FFF7FEFF 		bl	Error_Handler
 603              	.LVL26:
 604 00c2 CAE7     		b	.L34
 605              	.L42:
  64:Core/Src/tim.c ****   }
 606              		.loc 1 64 5 view .LVU184
 607 00c4 FFF7FEFF 		bl	Error_Handler
 608              	.LVL27:
 609 00c8 CCE7     		b	.L35
 610              	.L43:
  70:Core/Src/tim.c ****   }
 611              		.loc 1 70 5 view .LVU185
 612 00ca FFF7FEFF 		bl	Error_Handler
 613              	.LVL28:
 614 00ce D1E7     		b	.L36
 615              	.L44:
  81:Core/Src/tim.c ****   }
 616              		.loc 1 81 5 view .LVU186
 617 00d0 FFF7FEFF 		bl	Error_Handler
 618              	.LVL29:
 619 00d4 DCE7     		b	.L37
 620              	.L45:
  92:Core/Src/tim.c ****   }
 621              		.loc 1 92 5 view .LVU187
 622 00d6 FFF7FEFF 		bl	Error_Handler
 623              	.LVL30:
 624 00da E8E7     		b	.L38
 625              	.L47:
 626              		.align	2
 627              	.L46:
 628 00dc 00000000 		.word	.LANCHOR1
 629 00e0 002C0140 		.word	1073818624
 630              		.cfi_endproc
 631              	.LFE65:
 633              		.section	.text.HAL_TIM_Base_MspDeInit,"ax",%progbits
 634              		.align	1
 635              		.global	HAL_TIM_Base_MspDeInit
 636              		.syntax unified
 637              		.thumb
 638              		.thumb_func
 640              	HAL_TIM_Base_MspDeInit:
 641              	.LVL31:
 642              	.LFB70:
 211:Core/Src/tim.c **** 
 212:Core/Src/tim.c **** void HAL_TIM_Base_MspDeInit(TIM_HandleTypeDef* tim_baseHandle)
 213:Core/Src/tim.c **** {
 643              		.loc 1 213 1 view -0
 644              		.cfi_startproc
 645              		@ args = 0, pretend = 0, frame = 0
 646              		@ frame_needed = 0, uses_anonymous_args = 0
 647              		@ link register save eliminated.
 214:Core/Src/tim.c **** 
ARM GAS  C:\Users\Ahuratus\AppData\Local\Temp\cccCg4x6.s 			page 18


 215:Core/Src/tim.c ****   if(tim_baseHandle->Instance==TIM1)
 648              		.loc 1 215 3 view .LVU189
 649              		.loc 1 215 20 is_stmt 0 view .LVU190
 650 0000 0268     		ldr	r2, [r0]
 651              		.loc 1 215 5 view .LVU191
 652 0002 054B     		ldr	r3, .L51
 653 0004 9A42     		cmp	r2, r3
 654 0006 00D0     		beq	.L50
 655              	.L48:
 216:Core/Src/tim.c ****   {
 217:Core/Src/tim.c ****   /* USER CODE BEGIN TIM1_MspDeInit 0 */
 218:Core/Src/tim.c **** 
 219:Core/Src/tim.c ****   /* USER CODE END TIM1_MspDeInit 0 */
 220:Core/Src/tim.c ****     /* Peripheral clock disable */
 221:Core/Src/tim.c ****     __HAL_RCC_TIM1_CLK_DISABLE();
 222:Core/Src/tim.c ****   /* USER CODE BEGIN TIM1_MspDeInit 1 */
 223:Core/Src/tim.c **** 
 224:Core/Src/tim.c ****   /* USER CODE END TIM1_MspDeInit 1 */
 225:Core/Src/tim.c ****   }
 226:Core/Src/tim.c **** }
 656              		.loc 1 226 1 view .LVU192
 657 0008 7047     		bx	lr
 658              	.L50:
 221:Core/Src/tim.c ****   /* USER CODE BEGIN TIM1_MspDeInit 1 */
 659              		.loc 1 221 5 is_stmt 1 view .LVU193
 660 000a 044A     		ldr	r2, .L51+4
 661 000c 9369     		ldr	r3, [r2, #24]
 662 000e 23F40063 		bic	r3, r3, #2048
 663 0012 9361     		str	r3, [r2, #24]
 664              		.loc 1 226 1 is_stmt 0 view .LVU194
 665 0014 F8E7     		b	.L48
 666              	.L52:
 667 0016 00BF     		.align	2
 668              	.L51:
 669 0018 002C0140 		.word	1073818624
 670 001c 00100240 		.word	1073876992
 671              		.cfi_endproc
 672              	.LFE70:
 674              		.section	.text.HAL_TIM_IC_MspDeInit,"ax",%progbits
 675              		.align	1
 676              		.global	HAL_TIM_IC_MspDeInit
 677              		.syntax unified
 678              		.thumb
 679              		.thumb_func
 681              	HAL_TIM_IC_MspDeInit:
 682              	.LVL32:
 683              	.LFB71:
 227:Core/Src/tim.c **** 
 228:Core/Src/tim.c **** void HAL_TIM_IC_MspDeInit(TIM_HandleTypeDef* tim_icHandle)
 229:Core/Src/tim.c **** {
 684              		.loc 1 229 1 is_stmt 1 view -0
 685              		.cfi_startproc
 686              		@ args = 0, pretend = 0, frame = 0
 687              		@ frame_needed = 0, uses_anonymous_args = 0
 688              		.loc 1 229 1 is_stmt 0 view .LVU196
 689 0000 08B5     		push	{r3, lr}
 690              	.LCFI18:
ARM GAS  C:\Users\Ahuratus\AppData\Local\Temp\cccCg4x6.s 			page 19


 691              		.cfi_def_cfa_offset 8
 692              		.cfi_offset 3, -8
 693              		.cfi_offset 14, -4
 230:Core/Src/tim.c **** 
 231:Core/Src/tim.c ****   if(tim_icHandle->Instance==TIM2)
 694              		.loc 1 231 3 is_stmt 1 view .LVU197
 695              		.loc 1 231 18 is_stmt 0 view .LVU198
 696 0002 0368     		ldr	r3, [r0]
 697              		.loc 1 231 5 view .LVU199
 698 0004 B3F1804F 		cmp	r3, #1073741824
 699 0008 00D0     		beq	.L56
 700              	.LVL33:
 701              	.L53:
 232:Core/Src/tim.c ****   {
 233:Core/Src/tim.c ****   /* USER CODE BEGIN TIM2_MspDeInit 0 */
 234:Core/Src/tim.c **** 
 235:Core/Src/tim.c ****   /* USER CODE END TIM2_MspDeInit 0 */
 236:Core/Src/tim.c ****     /* Peripheral clock disable */
 237:Core/Src/tim.c ****     __HAL_RCC_TIM2_CLK_DISABLE();
 238:Core/Src/tim.c **** 
 239:Core/Src/tim.c ****     /**TIM2 GPIO Configuration
 240:Core/Src/tim.c ****     PA0-WKUP     ------> TIM2_CH1
 241:Core/Src/tim.c ****     */
 242:Core/Src/tim.c ****     HAL_GPIO_DeInit(INPUT_SIGNAL_GPIO_Port, INPUT_SIGNAL_Pin);
 243:Core/Src/tim.c **** 
 244:Core/Src/tim.c ****   /* USER CODE BEGIN TIM2_MspDeInit 1 */
 245:Core/Src/tim.c **** 
 246:Core/Src/tim.c ****   /* USER CODE END TIM2_MspDeInit 1 */
 247:Core/Src/tim.c ****   }
 248:Core/Src/tim.c **** }
 702              		.loc 1 248 1 view .LVU200
 703 000a 08BD     		pop	{r3, pc}
 704              	.LVL34:
 705              	.L56:
 237:Core/Src/tim.c **** 
 706              		.loc 1 237 5 is_stmt 1 view .LVU201
 707 000c 044A     		ldr	r2, .L57
 708 000e D369     		ldr	r3, [r2, #28]
 709 0010 23F00103 		bic	r3, r3, #1
 710 0014 D361     		str	r3, [r2, #28]
 242:Core/Src/tim.c **** 
 711              		.loc 1 242 5 view .LVU202
 712 0016 0121     		movs	r1, #1
 713 0018 0248     		ldr	r0, .L57+4
 714              	.LVL35:
 242:Core/Src/tim.c **** 
 715              		.loc 1 242 5 is_stmt 0 view .LVU203
 716 001a FFF7FEFF 		bl	HAL_GPIO_DeInit
 717              	.LVL36:
 718              		.loc 1 248 1 view .LVU204
 719 001e F4E7     		b	.L53
 720              	.L58:
 721              		.align	2
 722              	.L57:
 723 0020 00100240 		.word	1073876992
 724 0024 00080140 		.word	1073809408
 725              		.cfi_endproc
ARM GAS  C:\Users\Ahuratus\AppData\Local\Temp\cccCg4x6.s 			page 20


 726              	.LFE71:
 728              		.global	htim2
 729              		.global	htim1
 730              		.section	.bss.htim1,"aw",%nobits
 731              		.align	2
 732              		.set	.LANCHOR1,. + 0
 735              	htim1:
 736 0000 00000000 		.space	72
 736      00000000 
 736      00000000 
 736      00000000 
 736      00000000 
 737              		.section	.bss.htim2,"aw",%nobits
 738              		.align	2
 739              		.set	.LANCHOR0,. + 0
 742              	htim2:
 743 0000 00000000 		.space	72
 743      00000000 
 743      00000000 
 743      00000000 
 743      00000000 
 744              		.text
 745              	.Letext0:
 746              		.file 2 "c:\\program files (x86)\\gnu arm embedded toolchain\\10 2021.10\\arm-none-eabi\\include\\
 747              		.file 3 "c:\\program files (x86)\\gnu arm embedded toolchain\\10 2021.10\\arm-none-eabi\\include\\
 748              		.file 4 "Drivers/CMSIS/Device/ST/STM32F1xx/Include/stm32f103xb.h"
 749              		.file 5 "Drivers/STM32F1xx_HAL_Driver/Inc/stm32f1xx_hal_def.h"
 750              		.file 6 "Drivers/STM32F1xx_HAL_Driver/Inc/stm32f1xx_hal_gpio.h"
 751              		.file 7 "Drivers/STM32F1xx_HAL_Driver/Inc/stm32f1xx_hal_dma.h"
 752              		.file 8 "Drivers/STM32F1xx_HAL_Driver/Inc/stm32f1xx_hal_tim.h"
 753              		.file 9 "Core/Inc/tim.h"
 754              		.file 10 "Drivers/STM32F1xx_HAL_Driver/Inc/stm32f1xx_hal_tim_ex.h"
 755              		.file 11 "Core/Inc/main.h"
 756              		.file 12 "<built-in>"
ARM GAS  C:\Users\Ahuratus\AppData\Local\Temp\cccCg4x6.s 			page 21


DEFINED SYMBOLS
                            *ABS*:00000000 tim.c
C:\Users\Ahuratus\AppData\Local\Temp\cccCg4x6.s:18     .text.MX_TIM2_Init:00000000 $t
C:\Users\Ahuratus\AppData\Local\Temp\cccCg4x6.s:24     .text.MX_TIM2_Init:00000000 MX_TIM2_Init
C:\Users\Ahuratus\AppData\Local\Temp\cccCg4x6.s:144    .text.MX_TIM2_Init:0000006c $d
C:\Users\Ahuratus\AppData\Local\Temp\cccCg4x6.s:149    .text.HAL_TIM_Base_MspInit:00000000 $t
C:\Users\Ahuratus\AppData\Local\Temp\cccCg4x6.s:155    .text.HAL_TIM_Base_MspInit:00000000 HAL_TIM_Base_MspInit
C:\Users\Ahuratus\AppData\Local\Temp\cccCg4x6.s:201    .text.HAL_TIM_Base_MspInit:00000028 $d
C:\Users\Ahuratus\AppData\Local\Temp\cccCg4x6.s:206    .text.HAL_TIM_IC_MspInit:00000000 $t
C:\Users\Ahuratus\AppData\Local\Temp\cccCg4x6.s:212    .text.HAL_TIM_IC_MspInit:00000000 HAL_TIM_IC_MspInit
C:\Users\Ahuratus\AppData\Local\Temp\cccCg4x6.s:302    .text.HAL_TIM_IC_MspInit:00000054 $d
C:\Users\Ahuratus\AppData\Local\Temp\cccCg4x6.s:307    .text.HAL_TIM_MspPostInit:00000000 $t
C:\Users\Ahuratus\AppData\Local\Temp\cccCg4x6.s:313    .text.HAL_TIM_MspPostInit:00000000 HAL_TIM_MspPostInit
C:\Users\Ahuratus\AppData\Local\Temp\cccCg4x6.s:394    .text.HAL_TIM_MspPostInit:00000048 $d
C:\Users\Ahuratus\AppData\Local\Temp\cccCg4x6.s:400    .text.MX_TIM1_Init:00000000 $t
C:\Users\Ahuratus\AppData\Local\Temp\cccCg4x6.s:406    .text.MX_TIM1_Init:00000000 MX_TIM1_Init
C:\Users\Ahuratus\AppData\Local\Temp\cccCg4x6.s:628    .text.MX_TIM1_Init:000000dc $d
C:\Users\Ahuratus\AppData\Local\Temp\cccCg4x6.s:634    .text.HAL_TIM_Base_MspDeInit:00000000 $t
C:\Users\Ahuratus\AppData\Local\Temp\cccCg4x6.s:640    .text.HAL_TIM_Base_MspDeInit:00000000 HAL_TIM_Base_MspDeInit
C:\Users\Ahuratus\AppData\Local\Temp\cccCg4x6.s:669    .text.HAL_TIM_Base_MspDeInit:00000018 $d
C:\Users\Ahuratus\AppData\Local\Temp\cccCg4x6.s:675    .text.HAL_TIM_IC_MspDeInit:00000000 $t
C:\Users\Ahuratus\AppData\Local\Temp\cccCg4x6.s:681    .text.HAL_TIM_IC_MspDeInit:00000000 HAL_TIM_IC_MspDeInit
C:\Users\Ahuratus\AppData\Local\Temp\cccCg4x6.s:723    .text.HAL_TIM_IC_MspDeInit:00000020 $d
C:\Users\Ahuratus\AppData\Local\Temp\cccCg4x6.s:742    .bss.htim2:00000000 htim2
C:\Users\Ahuratus\AppData\Local\Temp\cccCg4x6.s:735    .bss.htim1:00000000 htim1
C:\Users\Ahuratus\AppData\Local\Temp\cccCg4x6.s:731    .bss.htim1:00000000 $d
C:\Users\Ahuratus\AppData\Local\Temp\cccCg4x6.s:738    .bss.htim2:00000000 $d

UNDEFINED SYMBOLS
HAL_TIM_IC_Init
HAL_TIMEx_MasterConfigSynchronization
HAL_TIM_IC_ConfigChannel
Error_Handler
HAL_GPIO_Init
memset
HAL_TIM_Base_Init
HAL_TIM_ConfigClockSource
HAL_TIM_PWM_Init
HAL_TIM_PWM_ConfigChannel
HAL_TIMEx_ConfigBreakDeadTime
HAL_GPIO_DeInit
